[0/1] Planning build
Building for debugging...
[0/3] Write swift-version--677353572E2A6DCF.txt
[2/156] Emitting module SixLayerFramework
[3/169] Compiling SixLayerFramework ImageMetadataIntelligence.swift
[4/169] Compiling SixLayerFramework ImageProcessingPipeline.swift
[5/169] Compiling SixLayerFramework InternationalizationService.swift
[6/169] Compiling SixLayerFramework OCRService.swift
[7/169] Compiling SixLayerFramework AccessibilityIdentifierConfig.swift
[8/169] Compiling SixLayerFramework AccessibilityIdentifierGenerator.swift
[9/169] Compiling SixLayerFramework AccessibilityTestingSuite.swift
[10/169] Compiling SixLayerFramework AccessibilityTypes.swift
[11/169] Compiling SixLayerFramework AppleHIGComplianceExamples.swift
[12/169] Compiling SixLayerFramework AppleHIGComplianceManager.swift
[13/169] Compiling SixLayerFramework AppleHIGComplianceModifiers.swift
[14/169] Compiling SixLayerFramework AssistiveTouchManager.swift
[15/169] Compiling SixLayerFramework AutomaticAccessibilityIdentifiers.swift
[16/169] Compiling SixLayerFramework EyeTrackingManager.swift
[17/169] Compiling SixLayerFramework PlatformLoggingLayer5.swift
[18/169] Compiling SixLayerFramework PlatformMaintenanceLayer5.swift
[19/169] Compiling SixLayerFramework PlatformMessagingLayer5.swift
[20/169] Compiling SixLayerFramework PlatformNotificationLayer5.swift
[21/169] Compiling SixLayerFramework PlatformOptimizationLayer5.swift
[22/169] Compiling SixLayerFramework PlatformOrchestrationLayer5.swift
[23/169] Compiling SixLayerFramework PlatformOrganizationLayer5.swift
[24/169] Compiling SixLayerFramework PlatformPrivacyLayer5.swift
[25/169] Compiling SixLayerFramework PlatformProfilingLayer5.swift
[26/169] Compiling SixLayerFramework PlatformRecognitionLayer5.swift
[27/169] Compiling SixLayerFramework PlatformResourceLayer5.swift
[28/169] Compiling SixLayerFramework PlatformRoutingLayer5.swift
[29/169] Compiling SixLayerFramework PlatformSafetyLayer5.swift
[30/169] Compiling SixLayerFramework PlatformToolbarHelpers.swift
[31/169] Compiling SixLayerFramework PlatformToolbarPlacement.swift
[32/169] Compiling SixLayerFramework CrossPlatformOptimization.swift
[33/169] Compiling SixLayerFramework ExampleHelpers.swift
[34/169] Compiling SixLayerFramework IntelligentDetailView.swift
[35/169] Compiling SixLayerFramework IntelligentFormView+Debug.swift
[36/169] Compiling SixLayerFramework IntelligentFormView.swift
[37/169] Compiling SixLayerFramework OCRDisambiguationView.swift
[38/169] Compiling SixLayerFramework OCROverlayView.swift
[39/169] Compiling SixLayerFramework PlatformPrivacy.swift
[40/169] Compiling SixLayerFramework PlatformSafety.swift
[41/169] Compiling SixLayerFramework PlatformSecurity.swift
[42/169] Compiling SixLayerFramework ResponsiveContainer.swift
[43/169] Compiling SixLayerFramework ResponsiveLayout.swift
[44/169] Compiling SixLayerFramework PlatformGraphicsExtensions.swift
[45/169] Compiling SixLayerFramework PlatformListExtensions.swift
[46/169] Compiling SixLayerFramework PlatformLocationExtensions.swift
[47/169] Compiling SixLayerFramework PlatformMenuSystemExtensions.swift
[48/169] Compiling SixLayerFramework PlatformOCRSafetyExtensions.swift
[49/169] Compiling SixLayerFramework PlatformOCRSemanticLayer1.swift
[50/169] Compiling SixLayerFramework PlatformScrollViewExtensions.swift
[51/169] Compiling SixLayerFramework PlatformSpacing.swift
[52/169] Compiling SixLayerFramework PlatformSpecificSecureFieldExtensions.swift
[53/169] Compiling SixLayerFramework PlatformSpecificTextFieldExtensions.swift
[54/169] Compiling SixLayerFramework PlatformSpecificViewExtensions.swift
[55/169] Compiling SixLayerFramework PlatformTabViewExtensions.swift
[56/169] Compiling SixLayerFramework PlatformUIExamples.swift
[57/169] Compiling SixLayerFramework PlatformUIIntegration.swift
[58/169] Compiling SixLayerFramework PlatformFormsLayer4.swift
[59/169] Compiling SixLayerFramework PlatformListsLayer4.swift
[60/169] Compiling SixLayerFramework PlatformModalsLayer4.swift
[61/169] Compiling SixLayerFramework PlatformNavigationLayer4.swift
[62/169] Compiling SixLayerFramework PlatformOCRComponentsLayer4.swift
[63/169] Compiling SixLayerFramework PlatformPhotoComponentsLayer4.swift
[64/169] Compiling SixLayerFramework PlatformResponsiveCardsLayer4.swift
[65/169] Compiling SixLayerFramework PlatformStylingLayer4.swift
[66/169] Compiling SixLayerFramework AccessibilityFeaturesLayer5.swift
[67/169] Compiling SixLayerFramework IntelligentCardExpansionLayer5.swift
[68/169] Compiling SixLayerFramework IntelligentCardExpansionLayer6.swift
[69/169] Compiling SixLayerFramework PlatformInterpretationLayer5.swift
[70/169] Compiling SixLayerFramework PlatformKnowledgeLayer5.swift
[71/169] Compiling SixLayerFramework FieldOrdering.swift
[72/169] Compiling SixLayerFramework FormWizardTypes.swift
[73/169] Compiling SixLayerFramework GenericDataItem.swift
[74/169] Compiling SixLayerFramework ImageMetadataTypes.swift
[75/169] Compiling SixLayerFramework ImageProcessingTypes.swift
[76/169] Compiling SixLayerFramework InternationalizationTypes.swift
[77/169] Compiling SixLayerFramework LayoutSpec.swift
[78/169] Compiling SixLayerFramework MockTypes.swift
[79/169] Compiling SixLayerFramework OCRDisambiguationTypes.swift
[80/169] Compiling SixLayerFramework PlatformImageExtensions.swift
[81/169] Compiling SixLayerFramework PlatformOCRTypes.swift
[82/169] Compiling SixLayerFramework PlatformPhotoTypes.swift
[83/169] Compiling SixLayerFramework PlatformTypes.swift
[84/169] Compiling SixLayerFramework RuntimeCapabilityDetection.swift
[85/169] Compiling SixLayerFramework MaterialAccessibilityManager.swift
[86/169] Compiling SixLayerFramework PlatformAccessibilityExtensions.swift
[87/169] Compiling SixLayerFramework SwitchControlManager.swift
[88/169] Compiling SixLayerFramework PlatformAdaptiveFrameModifier.swift
[89/169] Compiling SixLayerFramework PlatformAdvancedContainerExtensions.swift
[90/169] Compiling SixLayerFramework PlatformAnimationSystemExtensions.swift
[91/169] Compiling SixLayerFramework PlatformAnyShapeStyle.swift
[92/169] Compiling SixLayerFramework PlatformBasicContainerExtensions.swift
[93/169] Compiling SixLayerFramework PlatformButtonExtensions.swift
[94/169] Compiling SixLayerFramework PlatformColorEncodeExtensions.swift
[95/169] Compiling SixLayerFramework PlatformColorExamples.swift
[96/169] Compiling SixLayerFramework PlatformColorSystemExtensions.swift
[97/169] Compiling SixLayerFramework PlatformContextMenuExtensions.swift
[98/169] Compiling SixLayerFramework PlatformDragDropExtensions.swift
[99/169] Compiling SixLayerFramework PlatformUIPatterns.swift
[100/169] Compiling SixLayerFramework PlatformUITypes.swift
[101/169] Compiling SixLayerFramework DataPresentationIntelligence.swift
[102/169] Compiling SixLayerFramework FieldHintsModifiers.swift
[103/169] Compiling SixLayerFramework LabelPolicy.swift
[104/169] Compiling SixLayerFramework LiquidGlassCapabilityDetection.swift
[105/169] Compiling SixLayerFramework LiquidGlassDesignSystem.swift
[106/169] Compiling SixLayerFramework LiquidGlassExampleUsage.swift
[107/169] Compiling SixLayerFramework ShapeStyleSystem.swift
[108/169] Compiling SixLayerFramework ThemedViewModifiers.swift
[109/169] Compiling SixLayerFramework ThemingIntegration.swift
[110/169] Compiling SixLayerFramework VisualDesignSystem.swift
[111/169] Compiling SixLayerFramework PlatformDataFrameAnalysisL1.swift
[112/169] Compiling SixLayerFramework PlatformInternationalizationL1.swift
[113/169] Compiling SixLayerFramework ResponsiveCardsView.swift
[114/169] Compiling SixLayerFramework ActionButton.swift
[115/169] Compiling SixLayerFramework AdvancedFieldTypes.swift
[116/169] Compiling SixLayerFramework DynamicFieldComponents.swift
[117/169] Compiling SixLayerFramework DynamicFormView.swift
[118/169] Compiling SixLayerFramework DynamicSelectField.swift
[119/169] Compiling SixLayerFramework FieldViewTypeDeterminer.swift
[120/169] Compiling SixLayerFramework FormUsageExample.swift
[121/169] Compiling SixLayerFramework InputHandlingInteractions.swift
[122/169] Compiling SixLayerFramework PlatformHapticFeedbackExtensions.swift
[123/169] Compiling SixLayerFramework PlatformInputExtensions.swift
[124/169] Compiling SixLayerFramework PlatformNavigationHelpers.swift
[125/169] Compiling SixLayerFramework PlatformSidebarHelpers.swift
[126/169] Compiling SixLayerFramework PlatformTabStrip.swift
[127/169] Compiling SixLayerFramework PlatformOCRDisambiguationLayer1.swift
[128/169] Compiling SixLayerFramework PlatformPhotoSemanticLayer1.swift
[129/169] Compiling SixLayerFramework PlatformSemanticLayer1.swift
[130/169] Compiling SixLayerFramework IntelligentCardExpansionLayer2.swift
[131/169] Compiling SixLayerFramework PlatformLayoutDecisionLayer2.swift
[132/169] Compiling SixLayerFramework PlatformOCRLayoutDecisionLayer2.swift
[133/169] Compiling SixLayerFramework PlatformPhotoLayoutDecisionLayer2.swift
[134/169] Compiling SixLayerFramework IntelligentCardExpansionLayer3.swift
[135/169] Compiling SixLayerFramework OCROverlayConfiguration.swift
[136/169] Compiling SixLayerFramework PlatformOCRStrategySelectionLayer3.swift
[137/169] Compiling SixLayerFramework PlatformPhotoStrategySelectionLayer3.swift
[138/169] Compiling SixLayerFramework PlatformStrategySelectionLayer3.swift
[139/169] Compiling SixLayerFramework IntelligentCardExpansionLayer4.swift
[140/169] Compiling SixLayerFramework PlatformButtonsLayer4.swift
[141/169] Compiling SixLayerFramework RuntimeCapabilityDetectionView.swift
[142/169] Compiling SixLayerFramework UnifiedWindowDetection.swift
[143/169] Compiling SixLayerFramework VisionSafety.swift
[144/169] Compiling SixLayerFramework SystemImageBoundary.swift
[145/169] Compiling SixLayerFramework CrossPlatformNavigation.swift
[146/169] Compiling SixLayerFramework CardDisplayable.swift
[147/169] Compiling SixLayerFramework DataBinding.swift
[148/169] Compiling SixLayerFramework DataFrameAnalysisEngine.swift
[149/169] Compiling SixLayerFramework DataHintsLoader.swift
[150/169] Compiling SixLayerFramework DataIntrospection.swift
[151/169] Compiling SixLayerFramework DynamicFormTypes.swift
[152/169] Compiling SixLayerFramework EnhancedDeviceDetection.swift
[153/169] Compiling SixLayerFramework ExtensibleHints.swift
[154/169] Compiling SixLayerFramework FieldHintsRegistry.swift
[155/169] Compiling SixLayerFramework PlatformWisdomLayer5.swift
[156/169] Compiling SixLayerFramework CrossPlatformOptimizationLayer6.swift
[157/169] Compiling SixLayerFramework PlatformPerformanceLayer6.swift
[158/169] Compiling SixLayerFramework iOSSpecificHelpers.swift
[159/169] Compiling SixLayerFramework PlatformIOSOptimizationsLayer5.swift
[160/169] Compiling SixLayerFramework iOSWindowDetection.swift
[161/169] Compiling SixLayerFramework macOSSpecificHelpers.swift
[162/169] Compiling SixLayerFramework macOSLocationService.swift
[163/169] Compiling SixLayerFramework PlatformListDetailDecisionLayer2.swift
[164/169] Compiling SixLayerFramework PlatformMacOSOptimizationsLayer5.swift
[165/169] Compiling SixLayerFramework macOSWindowDetection.swift
[166/169] Compiling SixLayerFramework AccessibilityManager.swift
[167/169] Compiling SixLayerFramework KeyboardNavigationManager.swift
[168/430] Emitting module SixLayerFrameworkExternalIntegrationTests
/Users/schatt/code/github/6layer/Development/Tests/SixLayerFrameworkExternalIntegrationTests/ExternalModuleIntegrationTests.swift:208:21: note: '#expect(_:_:)' will always pass here; use 'Bool(true)' to silence this warning (from macro 'expect')
206 |             
207 |             // If this compiles and creates a view, the API is accessible
208 |             #expect(true, "ListCollectionView with callbacks accessible")
    |                     `- note: '#expect(_:_:)' will always pass here; use 'Bool(true)' to silence this warning (from macro 'expect')
209 |         }
210 |     }
    :
239 |             
240 |             // If these compile and create views, the API is accessible
241 |             #expect(true, "IntelligentFormView.generateForm is accessible from external modules")
    |                     `- note: '#expect(_:_:)' will always pass here; use 'Bool(true)' to silence this warning (from macro 'expect')
242 |         }
243 |     }
    :
259 |             
260 |             // If this compiles and creates a view, the API is accessible
261 |             #expect(true, "IntelligentDetailView.platformDetailView is accessible from external modules")
    |                     `- note: '#expect(_:_:)' will always pass here; use 'Bool(true)' to silence this warning (from macro 'expect')
262 |         }
263 |     }
[169/430] Compiling SixLayerFrameworkExternalIntegrationTests ExternalModuleIntegrationTests.swift
/Users/schatt/code/github/6layer/Development/Tests/SixLayerFrameworkExternalIntegrationTests/ExternalModuleIntegrationTests.swift:48:21: note: '#expect(_:_:)' will always pass here; use 'Bool(true)' to silence this warning (from macro 'expect')
 46 |             
 47 |             // Test that it compiles and creates a view
 48 |             #expect(true, "Function is accessible")
    |                     `- note: '#expect(_:_:)' will always pass here; use 'Bool(true)' to silence this warning (from macro 'expect')
 49 |             
 50 |             // Test that callback signature is accessible
 51 |             // In real usage, external modules would call this with their own callback
 52 |             #expect(true, "Callback can be provided")
    |                     `- note: '#expect(_:_:)' will always pass here; use 'Bool(true)' to silence this warning (from macro 'expect')
 53 |         }
 54 |     }
    :
 63 |             
 64 |             // Test that it compiles and creates a view
 65 |             #expect(true, "Function is accessible")
    |                     `- note: '#expect(_:_:)' will always pass here; use 'Bool(true)' to silence this warning (from macro 'expect')
 66 |             
 67 |             // Test that callback signature is accessible
 68 |             // In real usage, external modules would call this with their own callback
 69 |             #expect(true, "Callback can be provided")
    |                     `- note: '#expect(_:_:)' will always pass here; use 'Bool(true)' to silence this warning (from macro 'expect')
 70 |         }
 71 |     }
    :
 77 |         await MainActor.run {
 78 |             let _ = platformPhotoDisplay_L4(image: image, style: .thumbnail)
 79 |             #expect(true, "Function is accessible")
    |                     `- note: '#expect(_:_:)' will always pass here; use 'Bool(true)' to silence this warning (from macro 'expect')
 80 |         }
 81 |     }
    :
 92 |         let nsImage = NSImage(systemSymbolName: "photo", accessibilityDescription: nil) ?? NSImage()
 93 |         let platformImage = PlatformImage(nsImage: nsImage)
 94 |         #expect(true, "macOS conversion works")
    |                 `- note: '#expect(_:_:)' will always pass here; use 'Bool(true)' to silence this warning (from macro 'expect')
 95 |         #endif
 96 |     }
    :
102 |         // This test verifies that we're testing from external perspective
103 |         // In real usage, external modules would use the public static methods
104 |         #expect(true, "Testing from external perspective")
    |                 `- note: '#expect(_:_:)' will always pass here; use 'Bool(true)' to silence this warning (from macro 'expect')
105 |     }
106 |     
    :
121 |             
122 |             // If these compile and create views, the API is accessible
123 |             #expect(true, "Photo components accessible and creating views")
    |                     `- note: '#expect(_:_:)' will always pass here; use 'Bool(true)' to silence this warning (from macro 'expect')
124 |         }
125 |     }
    :
135 |             
136 |             // If these compile, the enum methods are accessible from external modules
137 |             #expect(true, "Enum methods accessible")
    |                     `- note: '#expect(_:_:)' will always pass here; use 'Bool(true)' to silence this warning (from macro 'expect')
138 |         }
139 |     }
    :
172 |             
173 |             // If this compiles and creates a view, the API is accessible
174 |             #expect(true, "OCROverlayView accessible and creating views")
    |                     `- note: '#expect(_:_:)' will always pass here; use 'Bool(true)' to silence this warning (from macro 'expect')
175 |             
176 |             // Test that callback signatures are accessible
177 |             #expect(true, "Callbacks can be provided")
    |                     `- note: '#expect(_:_:)' will always pass here; use 'Bool(true)' to silence this warning (from macro 'expect')
178 |         }
179 |     }

/Users/schatt/code/github/6layer/Development/Tests/SixLayerFrameworkExternalIntegrationTests/ExternalModuleIntegrationTests.swift:155:17: warning: variable 'editedText' was written to, but never read
153 |             )
154 |             
155 |             var editedText: String?
    |                 `- warning: variable 'editedText' was written to, but never read
156 |             var editedBounds: CGRect?
157 |             var deletedBounds: CGRect?

/Users/schatt/code/github/6layer/Development/Tests/SixLayerFrameworkExternalIntegrationTests/ExternalModuleIntegrationTests.swift:156:17: warning: variable 'editedBounds' was written to, but never read
154 |             
155 |             var editedText: String?
156 |             var editedBounds: CGRect?
    |                 `- warning: variable 'editedBounds' was written to, but never read
157 |             var deletedBounds: CGRect?
158 |             

/Users/schatt/code/github/6layer/Development/Tests/SixLayerFrameworkExternalIntegrationTests/ExternalModuleIntegrationTests.swift:157:17: warning: variable 'deletedBounds' was written to, but never read
155 |             var editedText: String?
156 |             var editedBounds: CGRect?
157 |             var deletedBounds: CGRect?
    |                 `- warning: variable 'deletedBounds' was written to, but never read
158 |             
159 |             // Test that OCROverlayView can be created from external module

/Users/schatt/code/github/6layer/Development/Tests/SixLayerFrameworkExternalIntegrationTests/ExternalModuleIntegrationTests.swift:160:17: warning: initialization of immutable value 'ocrView' was never used; consider replacing with assignment to '_' or removing it [#no-usage]
158 |             
159 |             // Test that OCROverlayView can be created from external module
160 |             let ocrView = OCROverlayView(
    |                 `- warning: initialization of immutable value 'ocrView' was never used; consider replacing with assignment to '_' or removing it [#no-usage]
161 |                 image: testImage,
162 |                 result: testResult,
    :
206 |             
207 |             // If this compiles and creates a view, the API is accessible
208 |             #expect(true, "ListCollectionView with callbacks accessible")
    |                     `- note: '#expect(_:_:)' will always pass here; use 'Bool(true)' to silence this warning (from macro 'expect')
209 |         }
210 |     }
    :
239 |             
240 |             // If these compile and create views, the API is accessible
241 |             #expect(true, "IntelligentFormView.generateForm is accessible from external modules")
    |                     `- note: '#expect(_:_:)' will always pass here; use 'Bool(true)' to silence this warning (from macro 'expect')
242 |         }
243 |     }
    :
259 |             
260 |             // If this compiles and creates a view, the API is accessible
261 |             #expect(true, "IntelligentDetailView.platformDetailView is accessible from external modules")
    |                     `- note: '#expect(_:_:)' will always pass here; use 'Bool(true)' to silence this warning (from macro 'expect')
262 |         }
263 |     }
    :
273 |             
274 |             // If this compiles, ResponsiveLayout is accessible
275 |             #expect(true, "ResponsiveLayout is accessible from external modules")
    |                     `- note: '#expect(_:_:)' will always pass here; use 'Bool(true)' to silence this warning (from macro 'expect')
276 |         }
277 |     }

/Users/schatt/code/github/6layer/Development/Tests/SixLayerFrameworkExternalIntegrationTests/ExternalModuleIntegrationTests.swift:270:17: warning: initialization of immutable value 'adaptiveView' was never used; consider replacing with assignment to '_' or removing it [#no-usage]
268 |         await MainActor.run {
269 |             // Test that ResponsiveLayout static methods can be used from external modules
270 |             let adaptiveView = ResponsiveLayout.adaptiveGrid {
    |                 `- warning: initialization of immutable value 'adaptiveView' was never used; consider replacing with assignment to '_' or removing it [#no-usage]
271 |                 Text("Test content")
272 |             }
    :
291 |             
292 |             // If this compiles, ResponsiveContainer is accessible
293 |             #expect(true, "ResponsiveContainer is accessible from external modules")
    |                     `- note: '#expect(_:_:)' will always pass here; use 'Bool(true)' to silence this warning (from macro 'expect')
294 |         }
295 |     }

/Users/schatt/code/github/6layer/Development/Tests/SixLayerFrameworkExternalIntegrationTests/ExternalModuleIntegrationTests.swift:285:17: warning: initialization of immutable value 'container' was never used; consider replacing with assignment to '_' or removing it [#no-usage]
283 |             // Test that ResponsiveContainer can be used from external modules
284 |             // Note: Uses proper 2-parameter closure signature
285 |             let container = ResponsiveContainer { isHorizontal, isVertical in
    |                 `- warning: initialization of immutable value 'container' was never used; consider replacing with assignment to '_' or removing it [#no-usage]
286 |                 VStack {
287 |                     Text("H: \(isHorizontal ? "Yes" : "No")")
    :
314 |             
315 |             // If this compiles, OCR functions are accessible
316 |             #expect(true, "OCR Layer 1 functions are accessible from external modules")
    |                     `- note: '#expect(_:_:)' will always pass here; use 'Bool(true)' to silence this warning (from macro 'expect')
317 |         }
318 |     }

/Users/schatt/code/github/6layer/Development/Tests/SixLayerFrameworkExternalIntegrationTests/ExternalModuleIntegrationTests.swift:309:17: warning: initialization of immutable value 'ocrView' was never used; consider replacing with assignment to '_' or removing it [#no-usage]
307 |             
308 |             // Test platformOCRWithVisualCorrection_L1
309 |             let ocrView = platformOCRWithVisualCorrection_L1(
    |                 `- warning: initialization of immutable value 'ocrView' was never used; consider replacing with assignment to '_' or removing it [#no-usage]
310 |                 image: testImage,
311 |                 context: context,
    :
349 |         
350 |         // If this compiles, PresentationHints is accessible
351 |         #expect(true, "PresentationHints is accessible from external modules")
    |                 `- note: '#expect(_:_:)' will always pass here; use 'Bool(true)' to silence this warning (from macro 'expect')
352 |     }
353 |     
    :
359 |         let manager = AccessibilityManager()
360 | 
361 |         #expect(true, "AccessibilityManager is accessible from external modules")
    |                 `- note: '#expect(_:_:)' will always pass here; use 'Bool(true)' to silence this warning (from macro 'expect')
362 |     }
363 | }

/Users/schatt/code/github/6layer/Development/Tests/SixLayerFrameworkExternalIntegrationTests/ExternalModuleIntegrationTests.swift:359:13: warning: initialization of immutable value 'manager' was never used; consider replacing with assignment to '_' or removing it [#no-usage]
357 |     func testAccessibilityManagerAccessible() async throws {
358 |         // Test that AccessibilityManager can be created
359 |         let manager = AccessibilityManager()
    |             `- warning: initialization of immutable value 'manager' was never used; consider replacing with assignment to '_' or removing it [#no-usage]
360 | 
361 |         #expect(true, "AccessibilityManager is accessible from external modules")
[170/430] Compiling SixLayerFrameworkTests SharedComponentAccessibilityTests.swift
/Users/schatt/code/github/6layer/Development/Tests/SixLayerFrameworkTests/Components/CallbackFunctionalTests.swift:6:8: error: no such module 'ViewInspector'
  4 | import SwiftUI
  5 | @testable import SixLayerFramework
  6 | import ViewInspector
    |        `- error: no such module 'ViewInspector'
  7 | @Suite("Callback Functional")
  8 | /// Component Callback Functional Tests
[171/430] Compiling SixLayerFrameworkTests SimpleAccessibilityTests.swift
/Users/schatt/code/github/6layer/Development/Tests/SixLayerFrameworkTests/Components/CallbackFunctionalTests.swift:6:8: error: no such module 'ViewInspector'
  4 | import SwiftUI
  5 | @testable import SixLayerFramework
  6 | import ViewInspector
    |        `- error: no such module 'ViewInspector'
  7 | @Suite("Callback Functional")
  8 | /// Component Callback Functional Tests
[172/430] Compiling SixLayerFrameworkTests SwitchControlManagerAccessibilityTests.swift
/Users/schatt/code/github/6layer/Development/Tests/SixLayerFrameworkTests/Components/CallbackFunctionalTests.swift:6:8: error: no such module 'ViewInspector'
  4 | import SwiftUI
  5 | @testable import SixLayerFramework
  6 | import ViewInspector
    |        `- error: no such module 'ViewInspector'
  7 | @Suite("Callback Functional")
  8 | /// Component Callback Functional Tests
[173/430] Compiling SixLayerFrameworkTests SwitchControlTests.swift
/Users/schatt/code/github/6layer/Development/Tests/SixLayerFrameworkTests/Components/CallbackFunctionalTests.swift:6:8: error: no such module 'ViewInspector'
  4 | import SwiftUI
  5 | @testable import SixLayerFramework
  6 | import ViewInspector
    |        `- error: no such module 'ViewInspector'
  7 | @Suite("Callback Functional")
  8 | /// Component Callback Functional Tests
[174/430] Compiling SixLayerFrameworkTests UtilityComponentAccessibilityTests.swift
/Users/schatt/code/github/6layer/Development/Tests/SixLayerFrameworkTests/Components/CallbackFunctionalTests.swift:6:8: error: no such module 'ViewInspector'
  4 | import SwiftUI
  5 | @testable import SixLayerFramework
  6 | import ViewInspector
    |        `- error: no such module 'ViewInspector'
  7 | @Suite("Callback Functional")
  8 | /// Component Callback Functional Tests
[175/430] Compiling SixLayerFrameworkTests VisionSafetyComponentAccessibilityTests.swift
/Users/schatt/code/github/6layer/Development/Tests/SixLayerFrameworkTests/Components/CallbackFunctionalTests.swift:6:8: error: no such module 'ViewInspector'
  4 | import SwiftUI
  5 | @testable import SixLayerFramework
  6 | import ViewInspector
    |        `- error: no such module 'ViewInspector'
  7 | @Suite("Callback Functional")
  8 | /// Component Callback Functional Tests
[176/430] Compiling SixLayerFrameworkTests CardActionButtonTests.swift
/Users/schatt/code/github/6layer/Development/Tests/SixLayerFrameworkTests/Components/CallbackFunctionalTests.swift:6:8: error: no such module 'ViewInspector'
  4 | import SwiftUI
  5 | @testable import SixLayerFramework
  6 | import ViewInspector
    |        `- error: no such module 'ViewInspector'
  7 | @Suite("Callback Functional")
  8 | /// Component Callback Functional Tests
[177/430] Compiling SixLayerFrameworkTests CardContentDisplayTests.swift
/Users/schatt/code/github/6layer/Development/Tests/SixLayerFrameworkTests/Components/CallbackFunctionalTests.swift:6:8: error: no such module 'ViewInspector'
  4 | import SwiftUI
  5 | @testable import SixLayerFramework
  6 | import ViewInspector
    |        `- error: no such module 'ViewInspector'
  7 | @Suite("Callback Functional")
  8 | /// Component Callback Functional Tests
[178/430] Compiling SixLayerFrameworkTests CardDisplayHelperHintTests.swift
/Users/schatt/code/github/6layer/Development/Tests/SixLayerFrameworkTests/Components/CallbackFunctionalTests.swift:6:8: error: no such module 'ViewInspector'
  4 | import SwiftUI
  5 | @testable import SixLayerFramework
  6 | import ViewInspector
    |        `- error: no such module 'ViewInspector'
  7 | @Suite("Callback Functional")
  8 | /// Component Callback Functional Tests
[179/430] Compiling SixLayerFrameworkTests CardDisplayHelperNilFallbackTests.swift
/Users/schatt/code/github/6layer/Development/Tests/SixLayerFrameworkTests/Components/CallbackFunctionalTests.swift:6:8: error: no such module 'ViewInspector'
  4 | import SwiftUI
  5 | @testable import SixLayerFramework
  6 | import ViewInspector
    |        `- error: no such module 'ViewInspector'
  7 | @Suite("Callback Functional")
  8 | /// Component Callback Functional Tests
[180/430] Compiling SixLayerFrameworkTests CardDisplayableBugTests.swift
/Users/schatt/code/github/6layer/Development/Tests/SixLayerFrameworkTests/Components/CallbackFunctionalTests.swift:6:8: error: no such module 'ViewInspector'
  4 | import SwiftUI
  5 | @testable import SixLayerFramework
  6 | import ViewInspector
    |        `- error: no such module 'ViewInspector'
  7 | @Suite("Callback Functional")
  8 | /// Component Callback Functional Tests
[181/430] Compiling SixLayerFrameworkTests CollectionEmptyStateViewTests.swift
/Users/schatt/code/github/6layer/Development/Tests/SixLayerFrameworkTests/Components/CallbackFunctionalTests.swift:6:8: error: no such module 'ViewInspector'
  4 | import SwiftUI
  5 | @testable import SixLayerFramework
  6 | import ViewInspector
    |        `- error: no such module 'ViewInspector'
  7 | @Suite("Callback Functional")
  8 | /// Component Callback Functional Tests
[182/430] Compiling SixLayerFrameworkTests CollectionViewCallbackTests.swift
/Users/schatt/code/github/6layer/Development/Tests/SixLayerFrameworkTests/Components/CallbackFunctionalTests.swift:6:8: error: no such module 'ViewInspector'
  4 | import SwiftUI
  5 | @testable import SixLayerFramework
  6 | import ViewInspector
    |        `- error: no such module 'ViewInspector'
  7 | @Suite("Callback Functional")
  8 | /// Component Callback Functional Tests
[183/430] Compiling SixLayerFrameworkTests CustomItemCollectionViewTests.swift
/Users/schatt/code/github/6layer/Development/Tests/SixLayerFrameworkTests/Components/CallbackFunctionalTests.swift:6:8: error: no such module 'ViewInspector'
  4 | import SwiftUI
  5 | @testable import SixLayerFramework
  6 | import ViewInspector
    |        `- error: no such module 'ViewInspector'
  7 | @Suite("Callback Functional")
  8 | /// Component Callback Functional Tests
[184/430] Compiling SixLayerFrameworkTests GenericItemCollectionViewTests.swift
/Users/schatt/code/github/6layer/Development/Tests/SixLayerFrameworkTests/Components/CallbackFunctionalTests.swift:6:8: error: no such module 'ViewInspector'
  4 | import SwiftUI
  5 | @testable import SixLayerFramework
  6 | import ViewInspector
    |        `- error: no such module 'ViewInspector'
  7 | @Suite("Callback Functional")
  8 | /// Component Callback Functional Tests
[185/430] Compiling SixLayerFrameworkTests HintsDefaultValueTests.swift
/Users/schatt/code/github/6layer/Development/Tests/SixLayerFrameworkTests/Components/CallbackFunctionalTests.swift:6:8: error: no such module 'ViewInspector'
  4 | import SwiftUI
  5 | @testable import SixLayerFramework
  6 | import ViewInspector
    |        `- error: no such module 'ViewInspector'
  7 | @Suite("Callback Functional")
  8 | /// Component Callback Functional Tests
[186/430] Compiling SixLayerFrameworkTests IntelligentCardExpansionComprehensiveTests.swift
/Users/schatt/code/github/6layer/Development/Tests/SixLayerFrameworkTests/Components/CallbackFunctionalTests.swift:6:8: error: no such module 'ViewInspector'
  4 | import SwiftUI
  5 | @testable import SixLayerFramework
  6 | import ViewInspector
    |        `- error: no such module 'ViewInspector'
  7 | @Suite("Callback Functional")
  8 | /// Component Callback Functional Tests
[187/430] Compiling SixLayerFrameworkTests IntelligentCardExpansionLayer2Tests.swift
/Users/schatt/code/github/6layer/Development/Tests/SixLayerFrameworkTests/Components/CallbackFunctionalTests.swift:6:8: error: no such module 'ViewInspector'
  4 | import SwiftUI
  5 | @testable import SixLayerFramework
  6 | import ViewInspector
    |        `- error: no such module 'ViewInspector'
  7 | @Suite("Callback Functional")
  8 | /// Component Callback Functional Tests
[188/430] Compiling SixLayerFrameworkTests IntelligentCardExpansionLayer3Tests.swift
/Users/schatt/code/github/6layer/Development/Tests/SixLayerFrameworkTests/Components/CallbackFunctionalTests.swift:6:8: error: no such module 'ViewInspector'
  4 | import SwiftUI
  5 | @testable import SixLayerFramework
  6 | import ViewInspector
    |        `- error: no such module 'ViewInspector'
  7 | @Suite("Callback Functional")
  8 | /// Component Callback Functional Tests
[189/430] Compiling SixLayerFrameworkTests IntelligentCardExpansionLayer4Tests.swift
/Users/schatt/code/github/6layer/Development/Tests/SixLayerFrameworkTests/Components/CallbackFunctionalTests.swift:6:8: error: no such module 'ViewInspector'
  4 | import SwiftUI
  5 | @testable import SixLayerFramework
  6 | import ViewInspector
    |        `- error: no such module 'ViewInspector'
  7 | @Suite("Callback Functional")
  8 | /// Component Callback Functional Tests
[190/430] Compiling SixLayerFrameworkTests IntelligentCardExpansionLayer6Tests.swift
/Users/schatt/code/github/6layer/Development/Tests/SixLayerFrameworkTests/Components/CallbackFunctionalTests.swift:6:8: error: no such module 'ViewInspector'
  4 | import SwiftUI
  5 | @testable import SixLayerFramework
  6 | import ViewInspector
    |        `- error: no such module 'ViewInspector'
  7 | @Suite("Callback Functional")
  8 | /// Component Callback Functional Tests
[191/430] Compiling SixLayerFrameworkTests IntelligentCardExpansionTests.swift
/Users/schatt/code/github/6layer/Development/Tests/SixLayerFrameworkTests/Components/CallbackFunctionalTests.swift:6:8: error: no such module 'ViewInspector'
  4 | import SwiftUI
  5 | @testable import SixLayerFramework
  6 | import ViewInspector
    |        `- error: no such module 'ViewInspector'
  7 | @Suite("Callback Functional")
  8 | /// Component Callback Functional Tests
[192/430] Compiling SixLayerFrameworkTests ItemCollectionL1Tests.swift
/Users/schatt/code/github/6layer/Development/Tests/SixLayerFrameworkTests/Components/CallbackFunctionalTests.swift:6:8: error: no such module 'ViewInspector'
  4 | import SwiftUI
  5 | @testable import SixLayerFramework
  6 | import ViewInspector
    |        `- error: no such module 'ViewInspector'
  7 | @Suite("Callback Functional")
  8 | /// Component Callback Functional Tests
[193/453] Compiling SixLayerFrameworkTests FieldHintsLoaderTests.swift
/Users/schatt/code/github/6layer/Development/Tests/SixLayerFrameworkTests/Components/CallbackFunctionalTests.swift:6:8: error: no such module 'ViewInspector'
  4 | import SwiftUI
  5 | @testable import SixLayerFramework
  6 | import ViewInspector
    |        `- error: no such module 'ViewInspector'
  7 | @Suite("Callback Functional")
  8 | /// Component Callback Functional Tests
[194/453] Compiling SixLayerFrameworkTests FieldOrderResolverTests.swift
/Users/schatt/code/github/6layer/Development/Tests/SixLayerFrameworkTests/Components/CallbackFunctionalTests.swift:6:8: error: no such module 'ViewInspector'
  4 | import SwiftUI
  5 | @testable import SixLayerFramework
  6 | import ViewInspector
    |        `- error: no such module 'ViewInspector'
  7 | @Suite("Callback Functional")
  8 | /// Component Callback Functional Tests
[195/453] Compiling SixLayerFrameworkTests GenericNumericDataViewTests.swift
/Users/schatt/code/github/6layer/Development/Tests/SixLayerFrameworkTests/Components/CallbackFunctionalTests.swift:6:8: error: no such module 'ViewInspector'
  4 | import SwiftUI
  5 | @testable import SixLayerFramework
  6 | import ViewInspector
    |        `- error: no such module 'ViewInspector'
  7 | @Suite("Callback Functional")
  8 | /// Component Callback Functional Tests
[196/453] Compiling SixLayerFrameworkTests NativeTypesTests.swift
/Users/schatt/code/github/6layer/Development/Tests/SixLayerFrameworkTests/Components/CallbackFunctionalTests.swift:6:8: error: no such module 'ViewInspector'
  4 | import SwiftUI
  5 | @testable import SixLayerFramework
  6 | import ViewInspector
    |        `- error: no such module 'ViewInspector'
  7 | @Suite("Callback Functional")
  8 | /// Component Callback Functional Tests
[197/453] Compiling SixLayerFrameworkTests TabularDataAPITests.swift
/Users/schatt/code/github/6layer/Development/Tests/SixLayerFrameworkTests/Components/CallbackFunctionalTests.swift:6:8: error: no such module 'ViewInspector'
  4 | import SwiftUI
  5 | @testable import SixLayerFramework
  6 | import ViewInspector
    |        `- error: no such module 'ViewInspector'
  7 | @Suite("Callback Functional")
  8 | /// Component Callback Functional Tests
[198/453] Compiling SixLayerFrameworkTests ViewDefinitionTests.swift
/Users/schatt/code/github/6layer/Development/Tests/SixLayerFrameworkTests/Components/CallbackFunctionalTests.swift:6:8: error: no such module 'ViewInspector'
  4 | import SwiftUI
  5 | @testable import SixLayerFramework
  6 | import ViewInspector
    |        `- error: no such module 'ViewInspector'
  7 | @Suite("Callback Functional")
  8 | /// Component Callback Functional Tests
[199/453] Compiling SixLayerFrameworkTests ViewGenerationIntegrationTests.swift
/Users/schatt/code/github/6layer/Development/Tests/SixLayerFrameworkTests/Components/CallbackFunctionalTests.swift:6:8: error: no such module 'ViewInspector'
  4 | import SwiftUI
  5 | @testable import SixLayerFramework
  6 | import ViewInspector
    |        `- error: no such module 'ViewInspector'
  7 | @Suite("Callback Functional")
  8 | /// Component Callback Functional Tests
[200/453] Compiling SixLayerFrameworkTests ViewGenerationTests.swift
/Users/schatt/code/github/6layer/Development/Tests/SixLayerFrameworkTests/Components/CallbackFunctionalTests.swift:6:8: error: no such module 'ViewInspector'
  4 | import SwiftUI
  5 | @testable import SixLayerFramework
  6 | import ViewInspector
    |        `- error: no such module 'ViewInspector'
  7 | @Suite("Callback Functional")
  8 | /// Component Callback Functional Tests
[201/453] Compiling SixLayerFrameworkTests ViewGenerationVerificationTests.swift
/Users/schatt/code/github/6layer/Development/Tests/SixLayerFrameworkTests/Components/CallbackFunctionalTests.swift:6:8: error: no such module 'ViewInspector'
  4 | import SwiftUI
  5 | @testable import SixLayerFramework
  6 | import ViewInspector
    |        `- error: no such module 'ViewInspector'
  7 | @Suite("Callback Functional")
  8 | /// Component Callback Functional Tests
[202/453] Compiling SixLayerFrameworkTests AccessibilityFeaturesLayer5ComponentAccessibilityTests.swift
/Users/schatt/code/github/6layer/Development/Tests/SixLayerFrameworkTests/Components/CallbackFunctionalTests.swift:6:8: error: no such module 'ViewInspector'
  4 | import SwiftUI
  5 | @testable import SixLayerFramework
  6 | import ViewInspector
    |        `- error: no such module 'ViewInspector'
  7 | @Suite("Callback Functional")
  8 | /// Component Callback Functional Tests
[203/453] Compiling SixLayerFrameworkTests AccessibilityFeaturesLayer5Tests.swift
/Users/schatt/code/github/6layer/Development/Tests/SixLayerFrameworkTests/Components/CallbackFunctionalTests.swift:6:8: error: no such module 'ViewInspector'
  4 | import SwiftUI
  5 | @testable import SixLayerFramework
  6 | import ViewInspector
    |        `- error: no such module 'ViewInspector'
  7 | @Suite("Callback Functional")
  8 | /// Component Callback Functional Tests
[204/453] Compiling SixLayerFrameworkTests AccessibilityGlobalLocalConfigTests.swift
/Users/schatt/code/github/6layer/Development/Tests/SixLayerFrameworkTests/Components/CallbackFunctionalTests.swift:6:8: error: no such module 'ViewInspector'
  4 | import SwiftUI
  5 | @testable import SixLayerFramework
  6 | import ViewInspector
    |        `- error: no such module 'ViewInspector'
  7 | @Suite("Callback Functional")
  8 | /// Component Callback Functional Tests
[205/453] Compiling SixLayerFrameworkTests AccessibilityIdentifierBugFixVerificationTests.swift
/Users/schatt/code/github/6layer/Development/Tests/SixLayerFrameworkTests/Components/CallbackFunctionalTests.swift:6:8: error: no such module 'ViewInspector'
  4 | import SwiftUI
  5 | @testable import SixLayerFramework
  6 | import ViewInspector
    |        `- error: no such module 'ViewInspector'
  7 | @Suite("Callback Functional")
  8 | /// Component Callback Functional Tests
[206/453] Compiling SixLayerFrameworkTests AccessibilityIdentifierDisabledTests.swift
/Users/schatt/code/github/6layer/Development/Tests/SixLayerFrameworkTests/Components/CallbackFunctionalTests.swift:6:8: error: no such module 'ViewInspector'
  4 | import SwiftUI
  5 | @testable import SixLayerFramework
  6 | import ViewInspector
    |        `- error: no such module 'ViewInspector'
  7 | @Suite("Callback Functional")
  8 | /// Component Callback Functional Tests
[207/453] Compiling SixLayerFrameworkTests AccessibilityIdentifierEdgeCaseTests.swift
/Users/schatt/code/github/6layer/Development/Tests/SixLayerFrameworkTests/Components/CallbackFunctionalTests.swift:6:8: error: no such module 'ViewInspector'
  4 | import SwiftUI
  5 | @testable import SixLayerFramework
  6 | import ViewInspector
    |        `- error: no such module 'ViewInspector'
  7 | @Suite("Callback Functional")
  8 | /// Component Callback Functional Tests
[208/453] Compiling SixLayerFrameworkTests AccessibilityIdentifierGenerationTests.swift
/Users/schatt/code/github/6layer/Development/Tests/SixLayerFrameworkTests/Components/CallbackFunctionalTests.swift:6:8: error: no such module 'ViewInspector'
  4 | import SwiftUI
  5 | @testable import SixLayerFramework
  6 | import ViewInspector
    |        `- error: no such module 'ViewInspector'
  7 | @Suite("Callback Functional")
  8 | /// Component Callback Functional Tests
[209/453] Compiling SixLayerFrameworkTests AccessibilityIdentifierGenerationVerificationTests.swift
/Users/schatt/code/github/6layer/Development/Tests/SixLayerFrameworkTests/Components/CallbackFunctionalTests.swift:6:8: error: no such module 'ViewInspector'
  4 | import SwiftUI
  5 | @testable import SixLayerFramework
  6 | import ViewInspector
    |        `- error: no such module 'ViewInspector'
  7 | @Suite("Callback Functional")
  8 | /// Component Callback Functional Tests
[210/453] Compiling SixLayerFrameworkTests AccessibilityIdentifierLogicVerificationTests.swift
/Users/schatt/code/github/6layer/Development/Tests/SixLayerFrameworkTests/Components/CallbackFunctionalTests.swift:6:8: error: no such module 'ViewInspector'
  4 | import SwiftUI
  5 | @testable import SixLayerFramework
  6 | import ViewInspector
    |        `- error: no such module 'ViewInspector'
  7 | @Suite("Callback Functional")
  8 | /// Component Callback Functional Tests
[211/453] Compiling SixLayerFrameworkTests AccessibilityIdentifierPersistenceTests.swift
/Users/schatt/code/github/6layer/Development/Tests/SixLayerFrameworkTests/Components/CallbackFunctionalTests.swift:6:8: error: no such module 'ViewInspector'
  4 | import SwiftUI
  5 | @testable import SixLayerFramework
  6 | import ViewInspector
    |        `- error: no such module 'ViewInspector'
  7 | @Suite("Callback Functional")
  8 | /// Component Callback Functional Tests
[212/453] Compiling SixLayerFrameworkTests AccessibilityIdentifiersDebugTests.swift
/Users/schatt/code/github/6layer/Development/Tests/SixLayerFrameworkTests/Components/CallbackFunctionalTests.swift:6:8: error: no such module 'ViewInspector'
  4 | import SwiftUI
  5 | @testable import SixLayerFramework
  6 | import ViewInspector
    |        `- error: no such module 'ViewInspector'
  7 | @Suite("Callback Functional")
  8 | /// Component Callback Functional Tests
[213/453] Compiling SixLayerFrameworkTests AccessibilityManagerComponentAccessibilityTests.swift
/Users/schatt/code/github/6layer/Development/Tests/SixLayerFrameworkTests/Components/CallbackFunctionalTests.swift:6:8: error: no such module 'ViewInspector'
  4 | import SwiftUI
  5 | @testable import SixLayerFramework
  6 | import ViewInspector
    |        `- error: no such module 'ViewInspector'
  7 | @Suite("Callback Functional")
  8 | /// Component Callback Functional Tests
[214/453] Compiling SixLayerFrameworkTests AccessibilityPreferenceTests.swift
/Users/schatt/code/github/6layer/Development/Tests/SixLayerFrameworkTests/Components/CallbackFunctionalTests.swift:6:8: error: no such module 'ViewInspector'
  4 | import SwiftUI
  5 | @testable import SixLayerFramework
  6 | import ViewInspector
    |        `- error: no such module 'ViewInspector'
  7 | @Suite("Callback Functional")
  8 | /// Component Callback Functional Tests
[215/453] Compiling SixLayerFrameworkTests AccessibilityStateSimulationTests.swift
/Users/schatt/code/github/6layer/Development/Tests/SixLayerFrameworkTests/Components/CallbackFunctionalTests.swift:6:8: error: no such module 'ViewInspector'
  4 | import SwiftUI
  5 | @testable import SixLayerFramework
  6 | import ViewInspector
    |        `- error: no such module 'ViewInspector'
  7 | @Suite("Callback Functional")
  8 | /// Component Callback Functional Tests
[216/453] Compiling SixLayerFrameworkTests AccessibilityTestingSuiteComponentAccessibilityTests.swift
/Users/schatt/code/github/6layer/Development/Tests/SixLayerFrameworkTests/Components/CallbackFunctionalTests.swift:6:8: error: no such module 'ViewInspector'
  4 | import SwiftUI
  5 | @testable import SixLayerFramework
  6 | import ViewInspector
    |        `- error: no such module 'ViewInspector'
  7 | @Suite("Callback Functional")
  8 | /// Component Callback Functional Tests
[217/453] Compiling SixLayerFrameworkTests AccessibilityTypesTests.swift
/Users/schatt/code/github/6layer/Development/Tests/SixLayerFrameworkTests/Components/CallbackFunctionalTests.swift:6:8: error: no such module 'ViewInspector'
  4 | import SwiftUI
  5 | @testable import SixLayerFramework
  6 | import ViewInspector
    |        `- error: no such module 'ViewInspector'
  7 | @Suite("Callback Functional")
  8 | /// Component Callback Functional Tests
[218/453] Compiling SixLayerFrameworkTests AppleHIGComplianceComponentAccessibilityTests.swift
/Users/schatt/code/github/6layer/Development/Tests/SixLayerFrameworkTests/Components/CallbackFunctionalTests.swift:6:8: error: no such module 'ViewInspector'
  4 | import SwiftUI
  5 | @testable import SixLayerFramework
  6 | import ViewInspector
    |        `- error: no such module 'ViewInspector'
  7 | @Suite("Callback Functional")
  8 | /// Component Callback Functional Tests
[219/453] Compiling SixLayerFrameworkTests AppleHIGComplianceManagerAccessibilityTests.swift
/Users/schatt/code/github/6layer/Development/Tests/SixLayerFrameworkTests/Components/CallbackFunctionalTests.swift:6:8: error: no such module 'ViewInspector'
  4 | import SwiftUI
  5 | @testable import SixLayerFramework
  6 | import ViewInspector
    |        `- error: no such module 'ViewInspector'
  7 | @Suite("Callback Functional")
  8 | /// Component Callback Functional Tests
[220/453] Compiling SixLayerFrameworkTests AppleHIGComplianceTests.swift
/Users/schatt/code/github/6layer/Development/Tests/SixLayerFrameworkTests/Components/CallbackFunctionalTests.swift:6:8: error: no such module 'ViewInspector'
  4 | import SwiftUI
  5 | @testable import SixLayerFramework
  6 | import ViewInspector
    |        `- error: no such module 'ViewInspector'
  7 | @Suite("Callback Functional")
  8 | /// Component Callback Functional Tests
[221/453] Compiling SixLayerFrameworkTests AssistiveTouchManagerAccessibilityTests.swift
/Users/schatt/code/github/6layer/Development/Tests/SixLayerFrameworkTests/Components/CallbackFunctionalTests.swift:6:8: error: no such module 'ViewInspector'
  4 | import SwiftUI
  5 | @testable import SixLayerFramework
  6 | import ViewInspector
    |        `- error: no such module 'ViewInspector'
  7 | @Suite("Callback Functional")
  8 | /// Component Callback Functional Tests
[222/453] Compiling SixLayerFrameworkTests AssistiveTouchTests.swift
/Users/schatt/code/github/6layer/Development/Tests/SixLayerFrameworkTests/Components/CallbackFunctionalTests.swift:6:8: error: no such module 'ViewInspector'
  4 | import SwiftUI
  5 | @testable import SixLayerFramework
  6 | import ViewInspector
    |        `- error: no such module 'ViewInspector'
  7 | @Suite("Callback Functional")
  8 | /// Component Callback Functional Tests
[223/453] Compiling SixLayerFrameworkTests AutomaticAccessibilityComponentAccessibilityTests.swift
/Users/schatt/code/github/6layer/Development/Tests/SixLayerFrameworkTests/Components/CallbackFunctionalTests.swift:6:8: error: no such module 'ViewInspector'
  4 | import SwiftUI
  5 | @testable import SixLayerFramework
  6 | import ViewInspector
    |        `- error: no such module 'ViewInspector'
  7 | @Suite("Callback Functional")
  8 | /// Component Callback Functional Tests
[224/453] Compiling SixLayerFrameworkTests AutomaticAccessibilityIdentifierTests.swift
/Users/schatt/code/github/6layer/Development/Tests/SixLayerFrameworkTests/Components/CallbackFunctionalTests.swift:6:8: error: no such module 'ViewInspector'
  4 | import SwiftUI
  5 | @testable import SixLayerFramework
  6 | import ViewInspector
    |        `- error: no such module 'ViewInspector'
  7 | @Suite("Callback Functional")
  8 | /// Component Callback Functional Tests
[225/453] Compiling SixLayerFrameworkTests AutomaticAccessibilityIdentifiersComponentAccessibilityTests.swift
/Users/schatt/code/github/6layer/Development/Tests/SixLayerFrameworkTests/Components/CallbackFunctionalTests.swift:6:8: error: no such module 'ViewInspector'
  4 | import SwiftUI
  5 | @testable import SixLayerFramework
  6 | import ViewInspector
    |        `- error: no such module 'ViewInspector'
  7 | @Suite("Callback Functional")
  8 | /// Component Callback Functional Tests
[226/453] Compiling SixLayerFrameworkTests AutomaticAccessibilityIdentifiersTests.swift
/Users/schatt/code/github/6layer/Development/Tests/SixLayerFrameworkTests/Components/CallbackFunctionalTests.swift:6:8: error: no such module 'ViewInspector'
  4 | import SwiftUI
  5 | @testable import SixLayerFramework
  6 | import ViewInspector
    |        `- error: no such module 'ViewInspector'
  7 | @Suite("Callback Functional")
  8 | /// Component Callback Functional Tests
[227/453] Compiling SixLayerFrameworkTests AutomaticHIGComplianceDemonstrationTests.swift
/Users/schatt/code/github/6layer/Development/Tests/SixLayerFrameworkTests/Components/CallbackFunctionalTests.swift:6:8: error: no such module 'ViewInspector'
  4 | import SwiftUI
  5 | @testable import SixLayerFramework
  6 | import ViewInspector
    |        `- error: no such module 'ViewInspector'
  7 | @Suite("Callback Functional")
  8 | /// Component Callback Functional Tests
[228/453] Compiling SixLayerFrameworkTests AutomaticHIGComplianceTests.swift
/Users/schatt/code/github/6layer/Development/Tests/SixLayerFrameworkTests/Components/CallbackFunctionalTests.swift:6:8: error: no such module 'ViewInspector'
  4 | import SwiftUI
  5 | @testable import SixLayerFramework
  6 | import ViewInspector
    |        `- error: no such module 'ViewInspector'
  7 | @Suite("Callback Functional")
  8 | /// Component Callback Functional Tests
[229/453] Compiling SixLayerFrameworkTests BaseAccessibilityTestCase.swift
/Users/schatt/code/github/6layer/Development/Tests/SixLayerFrameworkTests/Components/CallbackFunctionalTests.swift:6:8: error: no such module 'ViewInspector'
  4 | import SwiftUI
  5 | @testable import SixLayerFramework
  6 | import ViewInspector
    |        `- error: no such module 'ViewInspector'
  7 | @Suite("Callback Functional")
  8 | /// Component Callback Functional Tests
[230/453] Compiling SixLayerFrameworkTests ComponentLabelTextAccessibilityTests.swift
/Users/schatt/code/github/6layer/Development/Tests/SixLayerFrameworkTests/Components/CallbackFunctionalTests.swift:6:8: error: no such module 'ViewInspector'
  4 | import SwiftUI
  5 | @testable import SixLayerFramework
  6 | import ViewInspector
    |        `- error: no such module 'ViewInspector'
  7 | @Suite("Callback Functional")
  8 | /// Component Callback Functional Tests
[231/453] Compiling SixLayerFrameworkTests CoreFrameworkComponentAccessibilityTests.swift
/Users/schatt/code/github/6layer/Development/Tests/SixLayerFrameworkTests/Components/CallbackFunctionalTests.swift:6:8: error: no such module 'ViewInspector'
  4 | import SwiftUI
  5 | @testable import SixLayerFramework
  6 | import ViewInspector
    |        `- error: no such module 'ViewInspector'
  7 | @Suite("Callback Functional")
  8 | /// Component Callback Functional Tests
[232/453] Compiling SixLayerFrameworkTests CrossPlatformComponentAccessibilityTests.swift
/Users/schatt/code/github/6layer/Development/Tests/SixLayerFrameworkTests/Components/CallbackFunctionalTests.swift:6:8: error: no such module 'ViewInspector'
  4 | import SwiftUI
  5 | @testable import SixLayerFramework
  6 | import ViewInspector
    |        `- error: no such module 'ViewInspector'
  7 | @Suite("Callback Functional")
  8 | /// Component Callback Functional Tests
[233/453] Compiling SixLayerFrameworkTests CrossPlatformOptimizationLayer6ComponentAccessibilityTests.swift
/Users/schatt/code/github/6layer/Development/Tests/SixLayerFrameworkTests/Components/CallbackFunctionalTests.swift:6:8: error: no such module 'ViewInspector'
  4 | import SwiftUI
  5 | @testable import SixLayerFramework
  6 | import ViewInspector
    |        `- error: no such module 'ViewInspector'
  7 | @Suite("Callback Functional")
  8 | /// Component Callback Functional Tests
[234/453] Compiling SixLayerFrameworkTests DebugLoggingTests.swift
/Users/schatt/code/github/6layer/Development/Tests/SixLayerFrameworkTests/Components/CallbackFunctionalTests.swift:6:8: error: no such module 'ViewInspector'
  4 | import SwiftUI
  5 | @testable import SixLayerFramework
  6 | import ViewInspector
    |        `- error: no such module 'ViewInspector'
  7 | @Suite("Callback Functional")
  8 | /// Component Callback Functional Tests
[235/453] Compiling SixLayerFrameworkTests DefaultAccessibilityIdentifierTests.swift
/Users/schatt/code/github/6layer/Development/Tests/SixLayerFrameworkTests/Components/CallbackFunctionalTests.swift:6:8: error: no such module 'ViewInspector'
  4 | import SwiftUI
  5 | @testable import SixLayerFramework
  6 | import ViewInspector
    |        `- error: no such module 'ViewInspector'
  7 | @Suite("Callback Functional")
  8 | /// Component Callback Functional Tests
[236/453] Compiling SixLayerFrameworkTests DynamicFormViewComponentAccessibilityTests.swift
/Users/schatt/code/github/6layer/Development/Tests/SixLayerFrameworkTests/Components/CallbackFunctionalTests.swift:6:8: error: no such module 'ViewInspector'
  4 | import SwiftUI
  5 | @testable import SixLayerFramework
  6 | import ViewInspector
    |        `- error: no such module 'ViewInspector'
  7 | @Suite("Callback Functional")
  8 | /// Component Callback Functional Tests
[237/453] Compiling SixLayerFrameworkTests ExampleComponentAccessibilityTests.swift
/Users/schatt/code/github/6layer/Development/Tests/SixLayerFrameworkTests/Components/CallbackFunctionalTests.swift:6:8: error: no such module 'ViewInspector'
  4 | import SwiftUI
  5 | @testable import SixLayerFramework
  6 | import ViewInspector
    |        `- error: no such module 'ViewInspector'
  7 | @Suite("Callback Functional")
  8 | /// Component Callback Functional Tests
[238/453] Compiling SixLayerFrameworkTests ExampleHelpersComponentAccessibilityTests.swift
/Users/schatt/code/github/6layer/Development/Tests/SixLayerFrameworkTests/Components/CallbackFunctionalTests.swift:6:8: error: no such module 'ViewInspector'
  4 | import SwiftUI
  5 | @testable import SixLayerFramework
  6 | import ViewInspector
    |        `- error: no such module 'ViewInspector'
  7 | @Suite("Callback Functional")
  8 | /// Component Callback Functional Tests
[239/453] Compiling SixLayerFrameworkTests EyeTrackingManagerAccessibilityTests.swift
/Users/schatt/code/github/6layer/Development/Tests/SixLayerFrameworkTests/Components/CallbackFunctionalTests.swift:6:8: error: no such module 'ViewInspector'
  4 | import SwiftUI
  5 | @testable import SixLayerFramework
  6 | import ViewInspector
    |        `- error: no such module 'ViewInspector'
  7 | @Suite("Callback Functional")
  8 | /// Component Callback Functional Tests
[240/453] Compiling SixLayerFrameworkTests EyeTrackingTests.swift
/Users/schatt/code/github/6layer/Development/Tests/SixLayerFrameworkTests/Components/CallbackFunctionalTests.swift:6:8: error: no such module 'ViewInspector'
  4 | import SwiftUI
  5 | @testable import SixLayerFramework
  6 | import ViewInspector
    |        `- error: no such module 'ViewInspector'
  7 | @Suite("Callback Functional")
  8 | /// Component Callback Functional Tests
[241/453] Compiling SixLayerFrameworkTests ModalContainerTests.swift
/Users/schatt/code/github/6layer/Development/Tests/SixLayerFrameworkTests/Components/CallbackFunctionalTests.swift:6:8: error: no such module 'ViewInspector'
  4 | import SwiftUI
  5 | @testable import SixLayerFramework
  6 | import ViewInspector
    |        `- error: no such module 'ViewInspector'
  7 | @Suite("Callback Functional")
  8 | /// Component Callback Functional Tests
[242/453] Compiling SixLayerFrameworkTests ModalFormL1Tests.swift
/Users/schatt/code/github/6layer/Development/Tests/SixLayerFrameworkTests/Components/CallbackFunctionalTests.swift:6:8: error: no such module 'ViewInspector'
  4 | import SwiftUI
  5 | @testable import SixLayerFramework
  6 | import ViewInspector
    |        `- error: no such module 'ViewInspector'
  7 | @Suite("Callback Functional")
  8 | /// Component Callback Functional Tests
[243/453] Compiling SixLayerFrameworkTests ModalFormViewTests.swift
/Users/schatt/code/github/6layer/Development/Tests/SixLayerFrameworkTests/Components/CallbackFunctionalTests.swift:6:8: error: no such module 'ViewInspector'
  4 | import SwiftUI
  5 | @testable import SixLayerFramework
  6 | import ViewInspector
    |        `- error: no such module 'ViewInspector'
  7 | @Suite("Callback Functional")
  8 | /// Component Callback Functional Tests
[244/453] Compiling SixLayerFrameworkTests ResponsiveCardsViewTests.swift
/Users/schatt/code/github/6layer/Development/Tests/SixLayerFrameworkTests/Components/CallbackFunctionalTests.swift:6:8: error: no such module 'ViewInspector'
  4 | import SwiftUI
  5 | @testable import SixLayerFramework
  6 | import ViewInspector
    |        `- error: no such module 'ViewInspector'
  7 | @Suite("Callback Functional")
  8 | /// Component Callback Functional Tests
[245/453] Compiling SixLayerFrameworkTests EnhancedDeviceDetectionTests.swift
/Users/schatt/code/github/6layer/Development/Tests/SixLayerFrameworkTests/Components/CallbackFunctionalTests.swift:6:8: error: no such module 'ViewInspector'
  4 | import SwiftUI
  5 | @testable import SixLayerFramework
  6 | import ViewInspector
    |        `- error: no such module 'ViewInspector'
  7 | @Suite("Callback Functional")
  8 | /// Component Callback Functional Tests
[246/453] Compiling SixLayerFrameworkTests RuntimeCapabilityDetectionTests.swift
/Users/schatt/code/github/6layer/Development/Tests/SixLayerFrameworkTests/Components/CallbackFunctionalTests.swift:6:8: error: no such module 'ViewInspector'
  4 | import SwiftUI
  5 | @testable import SixLayerFramework
  6 | import ViewInspector
    |        `- error: no such module 'ViewInspector'
  7 | @Suite("Callback Functional")
  8 | /// Component Callback Functional Tests
[247/453] Compiling SixLayerFrameworkTests AdvancedFieldTypesTests.swift
/Users/schatt/code/github/6layer/Development/Tests/SixLayerFrameworkTests/Components/CallbackFunctionalTests.swift:6:8: error: no such module 'ViewInspector'
  4 | import SwiftUI
  5 | @testable import SixLayerFramework
  6 | import ViewInspector
    |        `- error: no such module 'ViewInspector'
  7 | @Suite("Callback Functional")
  8 | /// Component Callback Functional Tests
[248/453] Compiling SixLayerFrameworkTests DynamicFieldComponentsTDDTests.swift
/Users/schatt/code/github/6layer/Development/Tests/SixLayerFrameworkTests/Components/CallbackFunctionalTests.swift:6:8: error: no such module 'ViewInspector'
  4 | import SwiftUI
  5 | @testable import SixLayerFramework
  6 | import ViewInspector
    |        `- error: no such module 'ViewInspector'
  7 | @Suite("Callback Functional")
  8 | /// Component Callback Functional Tests
[249/453] Compiling SixLayerFrameworkTests DynamicFormGridLayoutTests.swift
/Users/schatt/code/github/6layer/Development/Tests/SixLayerFrameworkTests/Components/CallbackFunctionalTests.swift:6:8: error: no such module 'ViewInspector'
  4 | import SwiftUI
  5 | @testable import SixLayerFramework
  6 | import ViewInspector
    |        `- error: no such module 'ViewInspector'
  7 | @Suite("Callback Functional")
  8 | /// Component Callback Functional Tests
[250/453] Compiling SixLayerFrameworkTests DynamicFormLabelTests.swift
/Users/schatt/code/github/6layer/Development/Tests/SixLayerFrameworkTests/Components/CallbackFunctionalTests.swift:6:8: error: no such module 'ViewInspector'
  4 | import SwiftUI
  5 | @testable import SixLayerFramework
  6 | import ViewInspector
    |        `- error: no such module 'ViewInspector'
  7 | @Suite("Callback Functional")
  8 | /// Component Callback Functional Tests
[251/453] Compiling SixLayerFrameworkTests DynamicFormTests.swift
/Users/schatt/code/github/6layer/Development/Tests/SixLayerFrameworkTests/Components/CallbackFunctionalTests.swift:6:8: error: no such module 'ViewInspector'
  4 | import SwiftUI
  5 | @testable import SixLayerFramework
  6 | import ViewInspector
    |        `- error: no such module 'ViewInspector'
  7 | @Suite("Callback Functional")
  8 | /// Component Callback Functional Tests
[252/453] Compiling SixLayerFrameworkTests DynamicFormViewTests.swift
/Users/schatt/code/github/6layer/Development/Tests/SixLayerFrameworkTests/Components/CallbackFunctionalTests.swift:6:8: error: no such module 'ViewInspector'
  4 | import SwiftUI
  5 | @testable import SixLayerFramework
  6 | import ViewInspector
    |        `- error: no such module 'ViewInspector'
  7 | @Suite("Callback Functional")
  8 | /// Component Callback Functional Tests
[253/453] Compiling SixLayerFrameworkTests FormFieldInteractionTests.swift
/Users/schatt/code/github/6layer/Development/Tests/SixLayerFrameworkTests/Components/CallbackFunctionalTests.swift:6:8: error: no such module 'ViewInspector'
  4 | import SwiftUI
  5 | @testable import SixLayerFramework
  6 | import ViewInspector
    |        `- error: no such module 'ViewInspector'
  7 | @Suite("Callback Functional")
  8 | /// Component Callback Functional Tests
[254/453] Compiling SixLayerFrameworkTests FormHoverInteractionTests.swift
/Users/schatt/code/github/6layer/Development/Tests/SixLayerFrameworkTests/Components/CallbackFunctionalTests.swift:6:8: error: no such module 'ViewInspector'
  4 | import SwiftUI
  5 | @testable import SixLayerFramework
  6 | import ViewInspector
    |        `- error: no such module 'ViewInspector'
  7 | @Suite("Callback Functional")
  8 | /// Component Callback Functional Tests
[255/453] Compiling SixLayerFrameworkTests FormWizardStateTests.swift
/Users/schatt/code/github/6layer/Development/Tests/SixLayerFrameworkTests/Components/CallbackFunctionalTests.swift:6:8: error: no such module 'ViewInspector'
  4 | import SwiftUI
  5 | @testable import SixLayerFramework
  6 | import ViewInspector
    |        `- error: no such module 'ViewInspector'
  7 | @Suite("Callback Functional")
  8 | /// Component Callback Functional Tests
[256/453] Compiling SixLayerFrameworkTests FormWizardTests.swift
/Users/schatt/code/github/6layer/Development/Tests/SixLayerFrameworkTests/Components/CallbackFunctionalTests.swift:6:8: error: no such module 'ViewInspector'
  4 | import SwiftUI
  5 | @testable import SixLayerFramework
  6 | import ViewInspector
    |        `- error: no such module 'ViewInspector'
  7 | @Suite("Callback Functional")
  8 | /// Component Callback Functional Tests
[257/453] Compiling SixLayerFrameworkTests FormWizardViewTDDTests.swift
/Users/schatt/code/github/6layer/Development/Tests/SixLayerFrameworkTests/Components/CallbackFunctionalTests.swift:6:8: error: no such module 'ViewInspector'
  4 | import SwiftUI
  5 | @testable import SixLayerFramework
  6 | import ViewInspector
    |        `- error: no such module 'ViewInspector'
  7 | @Suite("Callback Functional")
  8 | /// Component Callback Functional Tests
[258/453] Compiling SixLayerFrameworkTests FormWizardViewTests.swift
/Users/schatt/code/github/6layer/Development/Tests/SixLayerFrameworkTests/Components/CallbackFunctionalTests.swift:6:8: error: no such module 'ViewInspector'
  4 | import SwiftUI
  5 | @testable import SixLayerFramework
  6 | import ViewInspector
    |        `- error: no such module 'ViewInspector'
  7 | @Suite("Callback Functional")
  8 | /// Component Callback Functional Tests
[259/453] Compiling SixLayerFrameworkTests GenericFormViewTests.swift
/Users/schatt/code/github/6layer/Development/Tests/SixLayerFrameworkTests/Components/CallbackFunctionalTests.swift:6:8: error: no such module 'ViewInspector'
  4 | import SwiftUI
  5 | @testable import SixLayerFramework
  6 | import ViewInspector
    |        `- error: no such module 'ViewInspector'
  7 | @Suite("Callback Functional")
  8 | /// Component Callback Functional Tests
[260/453] Compiling SixLayerFrameworkTests IntelligentFormViewTests.swift
/Users/schatt/code/github/6layer/Development/Tests/SixLayerFrameworkTests/Components/CallbackFunctionalTests.swift:6:8: error: no such module 'ViewInspector'
  4 | import SwiftUI
  5 | @testable import SixLayerFramework
  6 | import ViewInspector
    |        `- error: no such module 'ViewInspector'
  7 | @Suite("Callback Functional")
  8 | /// Component Callback Functional Tests
[261/453] Compiling SixLayerFrameworkTests InteractiveFormTests.swift
/Users/schatt/code/github/6layer/Development/Tests/SixLayerFrameworkTests/Components/CallbackFunctionalTests.swift:6:8: error: no such module 'ViewInspector'
  4 | import SwiftUI
  5 | @testable import SixLayerFramework
  6 | import ViewInspector
    |        `- error: no such module 'ViewInspector'
  7 | @Suite("Callback Functional")
  8 | /// Component Callback Functional Tests
[262/453] Compiling SixLayerFrameworkTests SelectFieldImplementationTests.swift
/Users/schatt/code/github/6layer/Development/Tests/SixLayerFrameworkTests/Components/CallbackFunctionalTests.swift:6:8: error: no such module 'ViewInspector'
  4 | import SwiftUI
  5 | @testable import SixLayerFramework
  6 | import ViewInspector
    |        `- error: no such module 'ViewInspector'
  7 | @Suite("Callback Functional")
  8 | /// Component Callback Functional Tests
[263/453] Compiling SixLayerFrameworkTests ImageMetadataIntelligenceTests.swift
/Users/schatt/code/github/6layer/Development/Tests/SixLayerFrameworkTests/Components/CallbackFunctionalTests.swift:6:8: error: no such module 'ViewInspector'
  4 | import SwiftUI
  5 | @testable import SixLayerFramework
  6 | import ViewInspector
    |        `- error: no such module 'ViewInspector'
  7 | @Suite("Callback Functional")
  8 | /// Component Callback Functional Tests
[264/453] Compiling SixLayerFrameworkTests FormUsageExampleComponentAccessibilityTests.swift
/Users/schatt/code/github/6layer/Development/Tests/SixLayerFrameworkTests/Components/CallbackFunctionalTests.swift:6:8: error: no such module 'ViewInspector'
  4 | import SwiftUI
  5 | @testable import SixLayerFramework
  6 | import ViewInspector
    |        `- error: no such module 'ViewInspector'
  7 | @Suite("Callback Functional")
  8 | /// Component Callback Functional Tests
[265/453] Compiling SixLayerFrameworkTests FrameworkComponentAccessibilityBaselineTests.swift
/Users/schatt/code/github/6layer/Development/Tests/SixLayerFrameworkTests/Components/CallbackFunctionalTests.swift:6:8: error: no such module 'ViewInspector'
  4 | import SwiftUI
  5 | @testable import SixLayerFramework
  6 | import ViewInspector
    |        `- error: no such module 'ViewInspector'
  7 | @Suite("Callback Functional")
  8 | /// Component Callback Functional Tests
[266/453] Compiling SixLayerFrameworkTests GenericItemCollectionViewAccessibilityTests.swift
/Users/schatt/code/github/6layer/Development/Tests/SixLayerFrameworkTests/Components/CallbackFunctionalTests.swift:6:8: error: no such module 'ViewInspector'
  4 | import SwiftUI
  5 | @testable import SixLayerFramework
  6 | import ViewInspector
    |        `- error: no such module 'ViewInspector'
  7 | @Suite("Callback Functional")
  8 | /// Component Callback Functional Tests
[267/453] Compiling SixLayerFrameworkTests ImageProcessingPipelineAccessibilityTests.swift
/Users/schatt/code/github/6layer/Development/Tests/SixLayerFrameworkTests/Components/CallbackFunctionalTests.swift:6:8: error: no such module 'ViewInspector'
  4 | import SwiftUI
  5 | @testable import SixLayerFramework
  6 | import ViewInspector
    |        `- error: no such module 'ViewInspector'
  7 | @Suite("Callback Functional")
  8 | /// Component Callback Functional Tests
[268/453] Compiling SixLayerFrameworkTests InputHandlingInteractionsComponentAccessibilityTests.swift
/Users/schatt/code/github/6layer/Development/Tests/SixLayerFrameworkTests/Components/CallbackFunctionalTests.swift:6:8: error: no such module 'ViewInspector'
  4 | import SwiftUI
  5 | @testable import SixLayerFramework
  6 | import ViewInspector
    |        `- error: no such module 'ViewInspector'
  7 | @Suite("Callback Functional")
  8 | /// Component Callback Functional Tests
[269/453] Compiling SixLayerFrameworkTests IntelligentCardExpansionComponentAccessibilityTests.swift
/Users/schatt/code/github/6layer/Development/Tests/SixLayerFrameworkTests/Components/CallbackFunctionalTests.swift:6:8: error: no such module 'ViewInspector'
  4 | import SwiftUI
  5 | @testable import SixLayerFramework
  6 | import ViewInspector
    |        `- error: no such module 'ViewInspector'
  7 | @Suite("Callback Functional")
  8 | /// Component Callback Functional Tests
[270/453] Compiling SixLayerFrameworkTests IntelligentFormViewComponentAccessibilityTests.swift
/Users/schatt/code/github/6layer/Development/Tests/SixLayerFrameworkTests/Components/CallbackFunctionalTests.swift:6:8: error: no such module 'ViewInspector'
  4 | import SwiftUI
  5 | @testable import SixLayerFramework
  6 | import ViewInspector
    |        `- error: no such module 'ViewInspector'
  7 | @Suite("Callback Functional")
  8 | /// Component Callback Functional Tests
[271/453] Compiling SixLayerFrameworkTests InternationalizationServiceAccessibilityTests.swift
/Users/schatt/code/github/6layer/Development/Tests/SixLayerFrameworkTests/Components/CallbackFunctionalTests.swift:6:8: error: no such module 'ViewInspector'
  4 | import SwiftUI
  5 | @testable import SixLayerFramework
  6 | import ViewInspector
    |        `- error: no such module 'ViewInspector'
  7 | @Suite("Callback Functional")
  8 | /// Component Callback Functional Tests
[272/453] Compiling SixLayerFrameworkTests InternationalizationServiceComponentAccessibilityTests.swift
/Users/schatt/code/github/6layer/Development/Tests/SixLayerFrameworkTests/Components/CallbackFunctionalTests.swift:6:8: error: no such module 'ViewInspector'
  4 | import SwiftUI
  5 | @testable import SixLayerFramework
  6 | import ViewInspector
    |        `- error: no such module 'ViewInspector'
  7 | @Suite("Callback Functional")
  8 | /// Component Callback Functional Tests
[273/453] Compiling SixLayerFrameworkTests MaterialAccessibilityManagerAccessibilityTests.swift
/Users/schatt/code/github/6layer/Development/Tests/SixLayerFrameworkTests/Components/CallbackFunctionalTests.swift:6:8: error: no such module 'ViewInspector'
  4 | import SwiftUI
  5 | @testable import SixLayerFramework
  6 | import ViewInspector
    |        `- error: no such module 'ViewInspector'
  7 | @Suite("Callback Functional")
  8 | /// Component Callback Functional Tests
[274/453] Compiling SixLayerFrameworkTests MaterialAccessibilityTests.swift
/Users/schatt/code/github/6layer/Development/Tests/SixLayerFrameworkTests/Components/CallbackFunctionalTests.swift:6:8: error: no such module 'ViewInspector'
  4 | import SwiftUI
  5 | @testable import SixLayerFramework
  6 | import ViewInspector
    |        `- error: no such module 'ViewInspector'
  7 | @Suite("Callback Functional")
  8 | /// Component Callback Functional Tests
[275/453] Compiling SixLayerFrameworkTests MinimalAccessibilityTests.swift
/Users/schatt/code/github/6layer/Development/Tests/SixLayerFrameworkTests/Components/CallbackFunctionalTests.swift:6:8: error: no such module 'ViewInspector'
  4 | import SwiftUI
  5 | @testable import SixLayerFramework
  6 | import ViewInspector
    |        `- error: no such module 'ViewInspector'
  7 | @Suite("Callback Functional")
  8 | /// Component Callback Functional Tests
[276/453] Compiling SixLayerFrameworkTests OCROverlayViewAccessibilityTests.swift
/Users/schatt/code/github/6layer/Development/Tests/SixLayerFrameworkTests/Components/CallbackFunctionalTests.swift:6:8: error: no such module 'ViewInspector'
  4 | import SwiftUI
  5 | @testable import SixLayerFramework
  6 | import ViewInspector
    |        `- error: no such module 'ViewInspector'
  7 | @Suite("Callback Functional")
  8 | /// Component Callback Functional Tests
[277/453] Compiling SixLayerFrameworkTests OCRServiceAccessibilityTests.swift
/Users/schatt/code/github/6layer/Development/Tests/SixLayerFrameworkTests/Components/CallbackFunctionalTests.swift:6:8: error: no such module 'ViewInspector'
  4 | import SwiftUI
  5 | @testable import SixLayerFramework
  6 | import ViewInspector
    |        `- error: no such module 'ViewInspector'
  7 | @Suite("Callback Functional")
  8 | /// Component Callback Functional Tests
[278/453] Compiling SixLayerFrameworkTests PlatformInterpretationLayer5ComponentAccessibilityTests.swift
/Users/schatt/code/github/6layer/Development/Tests/SixLayerFrameworkTests/Components/CallbackFunctionalTests.swift:6:8: error: no such module 'ViewInspector'
  4 | import SwiftUI
  5 | @testable import SixLayerFramework
  6 | import ViewInspector
    |        `- error: no such module 'ViewInspector'
  7 | @Suite("Callback Functional")
  8 | /// Component Callback Functional Tests
[279/453] Compiling SixLayerFrameworkTests PlatformKnowledgeLayer5ComponentAccessibilityTests.swift
/Users/schatt/code/github/6layer/Development/Tests/SixLayerFrameworkTests/Components/CallbackFunctionalTests.swift:6:8: error: no such module 'ViewInspector'
  4 | import SwiftUI
  5 | @testable import SixLayerFramework
  6 | import ViewInspector
    |        `- error: no such module 'ViewInspector'
  7 | @Suite("Callback Functional")
  8 | /// Component Callback Functional Tests
[280/453] Compiling SixLayerFrameworkTests PlatformLoggingLayer5ComponentAccessibilityTests.swift
/Users/schatt/code/github/6layer/Development/Tests/SixLayerFrameworkTests/Components/CallbackFunctionalTests.swift:6:8: error: no such module 'ViewInspector'
  4 | import SwiftUI
  5 | @testable import SixLayerFramework
  6 | import ViewInspector
    |        `- error: no such module 'ViewInspector'
  7 | @Suite("Callback Functional")
  8 | /// Component Callback Functional Tests
[281/453] Compiling SixLayerFrameworkTests PlatformMaintenanceLayer5ComponentAccessibilityTests.swift
/Users/schatt/code/github/6layer/Development/Tests/SixLayerFrameworkTests/Components/CallbackFunctionalTests.swift:6:8: error: no such module 'ViewInspector'
  4 | import SwiftUI
  5 | @testable import SixLayerFramework
  6 | import ViewInspector
    |        `- error: no such module 'ViewInspector'
  7 | @Suite("Callback Functional")
  8 | /// Component Callback Functional Tests
[282/453] Compiling SixLayerFrameworkTests PlatformMessagingLayer5ComponentAccessibilityTests.swift
/Users/schatt/code/github/6layer/Development/Tests/SixLayerFrameworkTests/Components/CallbackFunctionalTests.swift:6:8: error: no such module 'ViewInspector'
  4 | import SwiftUI
  5 | @testable import SixLayerFramework
  6 | import ViewInspector
    |        `- error: no such module 'ViewInspector'
  7 | @Suite("Callback Functional")
  8 | /// Component Callback Functional Tests
[283/453] Compiling SixLayerFrameworkTests PlatformNotificationLayer5ComponentAccessibilityTests.swift
/Users/schatt/code/github/6layer/Development/Tests/SixLayerFrameworkTests/Components/CallbackFunctionalTests.swift:6:8: error: no such module 'ViewInspector'
  4 | import SwiftUI
  5 | @testable import SixLayerFramework
  6 | import ViewInspector
    |        `- error: no such module 'ViewInspector'
  7 | @Suite("Callback Functional")
  8 | /// Component Callback Functional Tests
[284/453] Compiling SixLayerFrameworkTests PlatformOCRComponentsLayer4ComponentAccessibilityTests.swift
/Users/schatt/code/github/6layer/Development/Tests/SixLayerFrameworkTests/Components/CallbackFunctionalTests.swift:6:8: error: no such module 'ViewInspector'
  4 | import SwiftUI
  5 | @testable import SixLayerFramework
  6 | import ViewInspector
    |        `- error: no such module 'ViewInspector'
  7 | @Suite("Callback Functional")
  8 | /// Component Callback Functional Tests
[285/453] Compiling SixLayerFrameworkTests PlatformOCRLayoutDecisionLayer2AccessibilityTests.swift
/Users/schatt/code/github/6layer/Development/Tests/SixLayerFrameworkTests/Components/CallbackFunctionalTests.swift:6:8: error: no such module 'ViewInspector'
  4 | import SwiftUI
  5 | @testable import SixLayerFramework
  6 | import ViewInspector
    |        `- error: no such module 'ViewInspector'
  7 | @Suite("Callback Functional")
  8 | /// Component Callback Functional Tests
[286/453] Compiling SixLayerFrameworkTests PlatformOCRSemanticLayer1AccessibilityTests.swift
/Users/schatt/code/github/6layer/Development/Tests/SixLayerFrameworkTests/Components/CallbackFunctionalTests.swift:6:8: error: no such module 'ViewInspector'
  4 | import SwiftUI
  5 | @testable import SixLayerFramework
  6 | import ViewInspector
    |        `- error: no such module 'ViewInspector'
  7 | @Suite("Callback Functional")
  8 | /// Component Callback Functional Tests
[287/453] Compiling SixLayerFrameworkTests PlatformOCRStrategySelectionLayer3AccessibilityTests.swift
/Users/schatt/code/github/6layer/Development/Tests/SixLayerFrameworkTests/Components/CallbackFunctionalTests.swift:6:8: error: no such module 'ViewInspector'
  4 | import SwiftUI
  5 | @testable import SixLayerFramework
  6 | import ViewInspector
    |        `- error: no such module 'ViewInspector'
  7 | @Suite("Callback Functional")
  8 | /// Component Callback Functional Tests
error: emit-module command failed with exit code 1 (use -v to see invocation)
[288/453] Emitting module SixLayerFrameworkTests
/Users/schatt/code/github/6layer/Development/Tests/SixLayerFrameworkTests/Components/CallbackFunctionalTests.swift:6:8: error: no such module 'ViewInspector'
  4 | import SwiftUI
  5 | @testable import SixLayerFramework
  6 | import ViewInspector
    |        `- error: no such module 'ViewInspector'
  7 | @Suite("Callback Functional")
  8 | /// Component Callback Functional Tests
[289/453] Compiling SixLayerFrameworkTests OCRSemanticLayerTests.swift
/Users/schatt/code/github/6layer/Development/Tests/SixLayerFrameworkTests/Components/CallbackFunctionalTests.swift:6:8: error: no such module 'ViewInspector'
  4 | import SwiftUI
  5 | @testable import SixLayerFramework
  6 | import ViewInspector
    |        `- error: no such module 'ViewInspector'
  7 | @Suite("Callback Functional")
  8 | /// Component Callback Functional Tests
[290/453] Compiling SixLayerFrameworkTests OCRServiceTests.swift
/Users/schatt/code/github/6layer/Development/Tests/SixLayerFrameworkTests/Components/CallbackFunctionalTests.swift:6:8: error: no such module 'ViewInspector'
  4 | import SwiftUI
  5 | @testable import SixLayerFramework
  6 | import ViewInspector
    |        `- error: no such module 'ViewInspector'
  7 | @Suite("Callback Functional")
  8 | /// Component Callback Functional Tests
[291/453] Compiling SixLayerFrameworkTests OCRStrategyTests.swift
/Users/schatt/code/github/6layer/Development/Tests/SixLayerFrameworkTests/Components/CallbackFunctionalTests.swift:6:8: error: no such module 'ViewInspector'
  4 | import SwiftUI
  5 | @testable import SixLayerFramework
  6 | import ViewInspector
    |        `- error: no such module 'ViewInspector'
  7 | @Suite("Callback Functional")
  8 | /// Component Callback Functional Tests
[292/453] Compiling SixLayerFrameworkTests OCRViewTests.swift
/Users/schatt/code/github/6layer/Development/Tests/SixLayerFrameworkTests/Components/CallbackFunctionalTests.swift:6:8: error: no such module 'ViewInspector'
  4 | import SwiftUI
  5 | @testable import SixLayerFramework
  6 | import ViewInspector
    |        `- error: no such module 'ViewInspector'
  7 | @Suite("Callback Functional")
  8 | /// Component Callback Functional Tests
[293/453] Compiling SixLayerFrameworkTests PlatformBehaviorTests.swift
/Users/schatt/code/github/6layer/Development/Tests/SixLayerFrameworkTests/Components/CallbackFunctionalTests.swift:6:8: error: no such module 'ViewInspector'
  4 | import SwiftUI
  5 | @testable import SixLayerFramework
  6 | import ViewInspector
    |        `- error: no such module 'ViewInspector'
  7 | @Suite("Callback Functional")
  8 | /// Component Callback Functional Tests
[294/453] Compiling SixLayerFrameworkTests PlatformColorEncodeTests.swift
/Users/schatt/code/github/6layer/Development/Tests/SixLayerFrameworkTests/Components/CallbackFunctionalTests.swift:6:8: error: no such module 'ViewInspector'
  4 | import SwiftUI
  5 | @testable import SixLayerFramework
  6 | import ViewInspector
    |        `- error: no such module 'ViewInspector'
  7 | @Suite("Callback Functional")
  8 | /// Component Callback Functional Tests
[295/453] Compiling SixLayerFrameworkTests PlatformColorsTests.swift
/Users/schatt/code/github/6layer/Development/Tests/SixLayerFrameworkTests/Components/CallbackFunctionalTests.swift:6:8: error: no such module 'ViewInspector'
  4 | import SwiftUI
  5 | @testable import SixLayerFramework
  6 | import ViewInspector
    |        `- error: no such module 'ViewInspector'
  7 | @Suite("Callback Functional")
  8 | /// Component Callback Functional Tests
[296/453] Compiling SixLayerFrameworkTests PlatformDataFrameAnalysisL1Tests.swift
/Users/schatt/code/github/6layer/Development/Tests/SixLayerFrameworkTests/Components/CallbackFunctionalTests.swift:6:8: error: no such module 'ViewInspector'
  4 | import SwiftUI
  5 | @testable import SixLayerFramework
  6 | import ViewInspector
    |        `- error: no such module 'ViewInspector'
  7 | @Suite("Callback Functional")
  8 | /// Component Callback Functional Tests
[297/453] Compiling SixLayerFrameworkTests PlatformInternationalizationL1Tests.swift
/Users/schatt/code/github/6layer/Development/Tests/SixLayerFrameworkTests/Components/CallbackFunctionalTests.swift:6:8: error: no such module 'ViewInspector'
  4 | import SwiftUI
  5 | @testable import SixLayerFramework
  6 | import ViewInspector
    |        `- error: no such module 'ViewInspector'
  7 | @Suite("Callback Functional")
  8 | /// Component Callback Functional Tests
[298/453] Compiling SixLayerFrameworkTests PlatformLogicTests.swift
/Users/schatt/code/github/6layer/Development/Tests/SixLayerFrameworkTests/Components/CallbackFunctionalTests.swift:6:8: error: no such module 'ViewInspector'
  4 | import SwiftUI
  5 | @testable import SixLayerFramework
  6 | import ViewInspector
    |        `- error: no such module 'ViewInspector'
  7 | @Suite("Callback Functional")
  8 | /// Component Callback Functional Tests
[299/453] Compiling SixLayerFrameworkTests PlatformMatrixTests.swift
/Users/schatt/code/github/6layer/Development/Tests/SixLayerFrameworkTests/Components/CallbackFunctionalTests.swift:6:8: error: no such module 'ViewInspector'
  4 | import SwiftUI
  5 | @testable import SixLayerFramework
  6 | import ViewInspector
    |        `- error: no such module 'ViewInspector'
  7 | @Suite("Callback Functional")
  8 | /// Component Callback Functional Tests
[300/453] Compiling SixLayerFrameworkTests PlatformOCRDisambiguationLayer1Tests.swift
/Users/schatt/code/github/6layer/Development/Tests/SixLayerFrameworkTests/Components/CallbackFunctionalTests.swift:6:8: error: no such module 'ViewInspector'
  4 | import SwiftUI
  5 | @testable import SixLayerFramework
  6 | import ViewInspector
    |        `- error: no such module 'ViewInspector'
  7 | @Suite("Callback Functional")
  8 | /// Component Callback Functional Tests
[301/453] Compiling SixLayerFrameworkTests PlatformOCRSemanticLayer1Tests.swift
/Users/schatt/code/github/6layer/Development/Tests/SixLayerFrameworkTests/Components/CallbackFunctionalTests.swift:6:8: error: no such module 'ViewInspector'
  4 | import SwiftUI
  5 | @testable import SixLayerFramework
  6 | import ViewInspector
    |        `- error: no such module 'ViewInspector'
  7 | @Suite("Callback Functional")
  8 | /// Component Callback Functional Tests
[302/453] Compiling SixLayerFrameworkTests PlatformPhotoComponentsLayer4Tests.swift
/Users/schatt/code/github/6layer/Development/Tests/SixLayerFrameworkTests/Components/CallbackFunctionalTests.swift:6:8: error: no such module 'ViewInspector'
  4 | import SwiftUI
  5 | @testable import SixLayerFramework
  6 | import ViewInspector
    |        `- error: no such module 'ViewInspector'
  7 | @Suite("Callback Functional")
  8 | /// Component Callback Functional Tests
[303/453] Compiling SixLayerFrameworkTests PlatformPhotoSemanticLayer1Tests.swift
/Users/schatt/code/github/6layer/Development/Tests/SixLayerFrameworkTests/Components/CallbackFunctionalTests.swift:6:8: error: no such module 'ViewInspector'
  4 | import SwiftUI
  5 | @testable import SixLayerFramework
  6 | import ViewInspector
    |        `- error: no such module 'ViewInspector'
  7 | @Suite("Callback Functional")
  8 | /// Component Callback Functional Tests
[304/453] Compiling SixLayerFrameworkTests PlatformPresentContentL1Tests.swift
/Users/schatt/code/github/6layer/Development/Tests/SixLayerFrameworkTests/Components/CallbackFunctionalTests.swift:6:8: error: no such module 'ViewInspector'
  4 | import SwiftUI
  5 | @testable import SixLayerFramework
  6 | import ViewInspector
    |        `- error: no such module 'ViewInspector'
  7 | @Suite("Callback Functional")
  8 | /// Component Callback Functional Tests
[305/453] Compiling SixLayerFrameworkTests PlatformPresentFormDataL1ComprehensiveTests.swift
/Users/schatt/code/github/6layer/Development/Tests/SixLayerFrameworkTests/Components/CallbackFunctionalTests.swift:6:8: error: no such module 'ViewInspector'
  4 | import SwiftUI
  5 | @testable import SixLayerFramework
  6 | import ViewInspector
    |        `- error: no such module 'ViewInspector'
  7 | @Suite("Callback Functional")
  8 | /// Component Callback Functional Tests
[306/453] Compiling SixLayerFrameworkTests PlatformResponsiveCardsLayer4Tests.swift
/Users/schatt/code/github/6layer/Development/Tests/SixLayerFrameworkTests/Components/CallbackFunctionalTests.swift:6:8: error: no such module 'ViewInspector'
  4 | import SwiftUI
  5 | @testable import SixLayerFramework
  6 | import ViewInspector
    |        `- error: no such module 'ViewInspector'
  7 | @Suite("Callback Functional")
  8 | /// Component Callback Functional Tests
[307/453] Compiling SixLayerFrameworkTests PlatformSemanticLayer1Tests.swift
/Users/schatt/code/github/6layer/Development/Tests/SixLayerFrameworkTests/Components/CallbackFunctionalTests.swift:6:8: error: no such module 'ViewInspector'
  4 | import SwiftUI
  5 | @testable import SixLayerFramework
  6 | import ViewInspector
    |        `- error: no such module 'ViewInspector'
  7 | @Suite("Callback Functional")
  8 | /// Component Callback Functional Tests
[308/453] Compiling SixLayerFrameworkTests PlatformSimulationTests.swift
/Users/schatt/code/github/6layer/Development/Tests/SixLayerFrameworkTests/Components/CallbackFunctionalTests.swift:6:8: error: no such module 'ViewInspector'
  4 | import SwiftUI
  5 | @testable import SixLayerFramework
  6 | import ViewInspector
    |        `- error: no such module 'ViewInspector'
  7 | @Suite("Callback Functional")
  8 | /// Component Callback Functional Tests
[309/453] Compiling SixLayerFrameworkTests PlatformStylingLayer4Tests.swift
/Users/schatt/code/github/6layer/Development/Tests/SixLayerFrameworkTests/Components/CallbackFunctionalTests.swift:6:8: error: no such module 'ViewInspector'
  4 | import SwiftUI
  5 | @testable import SixLayerFramework
  6 | import ViewInspector
    |        `- error: no such module 'ViewInspector'
  7 | @Suite("Callback Functional")
  8 | /// Component Callback Functional Tests
[310/453] Compiling SixLayerFrameworkTests ResponsiveContainerTests.swift
/Users/schatt/code/github/6layer/Development/Tests/SixLayerFrameworkTests/Components/CallbackFunctionalTests.swift:6:8: error: no such module 'ViewInspector'
  4 | import SwiftUI
  5 | @testable import SixLayerFramework
  6 | import ViewInspector
    |        `- error: no such module 'ViewInspector'
  7 | @Suite("Callback Functional")
  8 | /// Component Callback Functional Tests
[311/453] Compiling SixLayerFrameworkTests ResponsiveLayoutTests.swift
/Users/schatt/code/github/6layer/Development/Tests/SixLayerFrameworkTests/Components/CallbackFunctionalTests.swift:6:8: error: no such module 'ViewInspector'
  4 | import SwiftUI
  5 | @testable import SixLayerFramework
  6 | import ViewInspector
    |        `- error: no such module 'ViewInspector'
  7 | @Suite("Callback Functional")
  8 | /// Component Callback Functional Tests
[312/453] Compiling SixLayerFrameworkTests ImageProcessingPipelineTests.swift
/Users/schatt/code/github/6layer/Development/Tests/SixLayerFrameworkTests/Components/CallbackFunctionalTests.swift:6:8: error: no such module 'ViewInspector'
  4 | import SwiftUI
  5 | @testable import SixLayerFramework
  6 | import ViewInspector
    |        `- error: no such module 'ViewInspector'
  7 | @Suite("Callback Functional")
  8 | /// Component Callback Functional Tests
[313/453] Compiling SixLayerFrameworkTests PhotoComponentsLayer4Tests.swift
/Users/schatt/code/github/6layer/Development/Tests/SixLayerFrameworkTests/Components/CallbackFunctionalTests.swift:6:8: error: no such module 'ViewInspector'
  4 | import SwiftUI
  5 | @testable import SixLayerFramework
  6 | import ViewInspector
    |        `- error: no such module 'ViewInspector'
  7 | @Suite("Callback Functional")
  8 | /// Component Callback Functional Tests
[314/453] Compiling SixLayerFrameworkTests PhotoFunctionalityPhase1Tests.swift
/Users/schatt/code/github/6layer/Development/Tests/SixLayerFrameworkTests/Components/CallbackFunctionalTests.swift:6:8: error: no such module 'ViewInspector'
  4 | import SwiftUI
  5 | @testable import SixLayerFramework
  6 | import ViewInspector
    |        `- error: no such module 'ViewInspector'
  7 | @Suite("Callback Functional")
  8 | /// Component Callback Functional Tests
[315/453] Compiling SixLayerFrameworkTests PhotoSelectionL1Tests.swift
/Users/schatt/code/github/6layer/Development/Tests/SixLayerFrameworkTests/Components/CallbackFunctionalTests.swift:6:8: error: no such module 'ViewInspector'
  4 | import SwiftUI
  5 | @testable import SixLayerFramework
  6 | import ViewInspector
    |        `- error: no such module 'ViewInspector'
  7 | @Suite("Callback Functional")
  8 | /// Component Callback Functional Tests
[316/453] Compiling SixLayerFrameworkTests PhotoSemanticLayerTests.swift
/Users/schatt/code/github/6layer/Development/Tests/SixLayerFrameworkTests/Components/CallbackFunctionalTests.swift:6:8: error: no such module 'ViewInspector'
  4 | import SwiftUI
  5 | @testable import SixLayerFramework
  6 | import ViewInspector
    |        `- error: no such module 'ViewInspector'
  7 | @Suite("Callback Functional")
  8 | /// Component Callback Functional Tests
[317/453] Compiling SixLayerFrameworkTests PlatformPhotoComponentsLayer4IntegrationTests.swift
/Users/schatt/code/github/6layer/Development/Tests/SixLayerFrameworkTests/Components/CallbackFunctionalTests.swift:6:8: error: no such module 'ViewInspector'
  4 | import SwiftUI
  5 | @testable import SixLayerFramework
  6 | import ViewInspector
    |        `- error: no such module 'ViewInspector'
  7 | @Suite("Callback Functional")
  8 | /// Component Callback Functional Tests
[318/453] Compiling SixLayerFrameworkTests VisionSafetyTests.swift
/Users/schatt/code/github/6layer/Development/Tests/SixLayerFrameworkTests/Components/CallbackFunctionalTests.swift:6:8: error: no such module 'ViewInspector'
  4 | import SwiftUI
  5 | @testable import SixLayerFramework
  6 | import ViewInspector
    |        `- error: no such module 'ViewInspector'
  7 | @Suite("Callback Functional")
  8 | /// Component Callback Functional Tests
[319/453] Compiling SixLayerFrameworkTests InputHandlingInteractionsTests.swift
/Users/schatt/code/github/6layer/Development/Tests/SixLayerFrameworkTests/Components/CallbackFunctionalTests.swift:6:8: error: no such module 'ViewInspector'
  4 | import SwiftUI
  5 | @testable import SixLayerFramework
  6 | import ViewInspector
    |        `- error: no such module 'ViewInspector'
  7 | @Suite("Callback Functional")
  8 | /// Component Callback Functional Tests
[320/453] Compiling SixLayerFrameworkTests DataIntrospectionCoreDataTests.swift
/Users/schatt/code/github/6layer/Development/Tests/SixLayerFrameworkTests/Components/CallbackFunctionalTests.swift:6:8: error: no such module 'ViewInspector'
  4 | import SwiftUI
  5 | @testable import SixLayerFramework
  6 | import ViewInspector
    |        `- error: no such module 'ViewInspector'
  7 | @Suite("Callback Functional")
  8 | /// Component Callback Functional Tests
[321/453] Compiling SixLayerFrameworkTests IntelligentDetailViewSheetIntegrationTests_macOS.swift
/Users/schatt/code/github/6layer/Development/Tests/SixLayerFrameworkTests/Components/CallbackFunctionalTests.swift:6:8: error: no such module 'ViewInspector'
  4 | import SwiftUI
  5 | @testable import SixLayerFramework
  6 | import ViewInspector
    |        `- error: no such module 'ViewInspector'
  7 | @Suite("Callback Functional")
  8 | /// Component Callback Functional Tests
[322/453] Compiling SixLayerFrameworkTests IntelligentDetailViewSheetTests.swift
/Users/schatt/code/github/6layer/Development/Tests/SixLayerFrameworkTests/Components/CallbackFunctionalTests.swift:6:8: error: no such module 'ViewInspector'
  4 | import SwiftUI
  5 | @testable import SixLayerFramework
  6 | import ViewInspector
    |        `- error: no such module 'ViewInspector'
  7 | @Suite("Callback Functional")
  8 | /// Component Callback Functional Tests
[323/453] Compiling SixLayerFrameworkTests IntelligentDetailViewTests.swift
/Users/schatt/code/github/6layer/Development/Tests/SixLayerFrameworkTests/Components/CallbackFunctionalTests.swift:6:8: error: no such module 'ViewInspector'
  4 | import SwiftUI
  5 | @testable import SixLayerFramework
  6 | import ViewInspector
    |        `- error: no such module 'ViewInspector'
  7 | @Suite("Callback Functional")
  8 | /// Component Callback Functional Tests
[324/453] Compiling SixLayerFrameworkTests InternationalizationTests.swift
/Users/schatt/code/github/6layer/Development/Tests/SixLayerFrameworkTests/Components/CallbackFunctionalTests.swift:6:8: error: no such module 'ViewInspector'
  4 | import SwiftUI
  5 | @testable import SixLayerFramework
  6 | import ViewInspector
    |        `- error: no such module 'ViewInspector'
  7 | @Suite("Callback Functional")
  8 | /// Component Callback Functional Tests
[325/453] Compiling SixLayerFrameworkTests NavigationLayer4Tests.swift
/Users/schatt/code/github/6layer/Development/Tests/SixLayerFrameworkTests/Components/CallbackFunctionalTests.swift:6:8: error: no such module 'ViewInspector'
  4 | import SwiftUI
  5 | @testable import SixLayerFramework
  6 | import ViewInspector
    |        `- error: no such module 'ViewInspector'
  7 | @Suite("Callback Functional")
  8 | /// Component Callback Functional Tests
[326/453] Compiling SixLayerFrameworkTests OCRComponentsTDDTests.swift
/Users/schatt/code/github/6layer/Development/Tests/SixLayerFrameworkTests/Components/CallbackFunctionalTests.swift:6:8: error: no such module 'ViewInspector'
  4 | import SwiftUI
  5 | @testable import SixLayerFramework
  6 | import ViewInspector
    |        `- error: no such module 'ViewInspector'
  7 | @Suite("Callback Functional")
  8 | /// Component Callback Functional Tests
[327/453] Compiling SixLayerFrameworkTests OCRComprehensiveTests.swift
/Users/schatt/code/github/6layer/Development/Tests/SixLayerFrameworkTests/Components/CallbackFunctionalTests.swift:6:8: error: no such module 'ViewInspector'
  4 | import SwiftUI
  5 | @testable import SixLayerFramework
  6 | import ViewInspector
    |        `- error: no such module 'ViewInspector'
  7 | @Suite("Callback Functional")
  8 | /// Component Callback Functional Tests
[328/453] Compiling SixLayerFrameworkTests OCRDisambiguationL1Tests.swift
/Users/schatt/code/github/6layer/Development/Tests/SixLayerFrameworkTests/Components/CallbackFunctionalTests.swift:6:8: error: no such module 'ViewInspector'
  4 | import SwiftUI
  5 | @testable import SixLayerFramework
  6 | import ViewInspector
    |        `- error: no such module 'ViewInspector'
  7 | @Suite("Callback Functional")
  8 | /// Component Callback Functional Tests
[329/453] Compiling SixLayerFrameworkTests OCRDisambiguationTests.swift
/Users/schatt/code/github/6layer/Development/Tests/SixLayerFrameworkTests/Components/CallbackFunctionalTests.swift:6:8: error: no such module 'ViewInspector'
  4 | import SwiftUI
  5 | @testable import SixLayerFramework
  6 | import ViewInspector
    |        `- error: no such module 'ViewInspector'
  7 | @Suite("Callback Functional")
  8 | /// Component Callback Functional Tests
[330/453] Compiling SixLayerFrameworkTests OCRDisambiguationViewTests.swift
/Users/schatt/code/github/6layer/Development/Tests/SixLayerFrameworkTests/Components/CallbackFunctionalTests.swift:6:8: error: no such module 'ViewInspector'
  4 | import SwiftUI
  5 | @testable import SixLayerFramework
  6 | import ViewInspector
    |        `- error: no such module 'ViewInspector'
  7 | @Suite("Callback Functional")
  8 | /// Component Callback Functional Tests
[331/453] Compiling SixLayerFrameworkTests OCRL1VisualCorrectionTests.swift
/Users/schatt/code/github/6layer/Development/Tests/SixLayerFrameworkTests/Components/CallbackFunctionalTests.swift:6:8: error: no such module 'ViewInspector'
  4 | import SwiftUI
  5 | @testable import SixLayerFramework
  6 | import ViewInspector
    |        `- error: no such module 'ViewInspector'
  7 | @Suite("Callback Functional")
  8 | /// Component Callback Functional Tests
[332/453] Compiling SixLayerFrameworkTests OCROverlayTestableInterfaceTests.swift
/Users/schatt/code/github/6layer/Development/Tests/SixLayerFrameworkTests/Components/CallbackFunctionalTests.swift:6:8: error: no such module 'ViewInspector'
  4 | import SwiftUI
  5 | @testable import SixLayerFramework
  6 | import ViewInspector
    |        `- error: no such module 'ViewInspector'
  7 | @Suite("Callback Functional")
  8 | /// Component Callback Functional Tests
[333/453] Compiling SixLayerFrameworkTests OCROverlayTests.swift
/Users/schatt/code/github/6layer/Development/Tests/SixLayerFrameworkTests/Components/CallbackFunctionalTests.swift:6:8: error: no such module 'ViewInspector'
  4 | import SwiftUI
  5 | @testable import SixLayerFramework
  6 | import ViewInspector
    |        `- error: no such module 'ViewInspector'
  7 | @Suite("Callback Functional")
  8 | /// Component Callback Functional Tests
[334/453] Compiling SixLayerFrameworkTests OCROverlayViewTests.swift
/Users/schatt/code/github/6layer/Development/Tests/SixLayerFrameworkTests/Components/CallbackFunctionalTests.swift:6:8: error: no such module 'ViewInspector'
  4 | import SwiftUI
  5 | @testable import SixLayerFramework
  6 | import ViewInspector
    |        `- error: no such module 'ViewInspector'
  7 | @Suite("Callback Functional")
  8 | /// Component Callback Functional Tests
[335/453] Compiling SixLayerFrameworkTests PlatformOptimizationLayer5ComponentAccessibilityTests.swift
/Users/schatt/code/github/6layer/Development/Tests/SixLayerFrameworkTests/Components/CallbackFunctionalTests.swift:6:8: error: no such module 'ViewInspector'
  4 | import SwiftUI
  5 | @testable import SixLayerFramework
  6 | import ViewInspector
    |        `- error: no such module 'ViewInspector'
  7 | @Suite("Callback Functional")
  8 | /// Component Callback Functional Tests
[336/453] Compiling SixLayerFrameworkTests PlatformOrchestrationLayer5ComponentAccessibilityTests.swift
/Users/schatt/code/github/6layer/Development/Tests/SixLayerFrameworkTests/Components/CallbackFunctionalTests.swift:6:8: error: no such module 'ViewInspector'
  4 | import SwiftUI
  5 | @testable import SixLayerFramework
  6 | import ViewInspector
    |        `- error: no such module 'ViewInspector'
  7 | @Suite("Callback Functional")
  8 | /// Component Callback Functional Tests
[337/453] Compiling SixLayerFrameworkTests PlatformOrganizationLayer5ComponentAccessibilityTests.swift
/Users/schatt/code/github/6layer/Development/Tests/SixLayerFrameworkTests/Components/CallbackFunctionalTests.swift:6:8: error: no such module 'ViewInspector'
  4 | import SwiftUI
  5 | @testable import SixLayerFramework
  6 | import ViewInspector
    |        `- error: no such module 'ViewInspector'
  7 | @Suite("Callback Functional")
  8 | /// Component Callback Functional Tests
[338/453] Compiling SixLayerFrameworkTests PlatformPerformanceLayer6ComponentAccessibilityTests.swift
/Users/schatt/code/github/6layer/Development/Tests/SixLayerFrameworkTests/Components/CallbackFunctionalTests.swift:6:8: error: no such module 'ViewInspector'
  4 | import SwiftUI
  5 | @testable import SixLayerFramework
  6 | import ViewInspector
    |        `- error: no such module 'ViewInspector'
  7 | @Suite("Callback Functional")
  8 | /// Component Callback Functional Tests
[339/453] Compiling SixLayerFrameworkTests PlatformPhotoComponentsLayer4AccessibilityTests.swift
/Users/schatt/code/github/6layer/Development/Tests/SixLayerFrameworkTests/Components/CallbackFunctionalTests.swift:6:8: error: no such module 'ViewInspector'
  4 | import SwiftUI
  5 | @testable import SixLayerFramework
  6 | import ViewInspector
    |        `- error: no such module 'ViewInspector'
  7 | @Suite("Callback Functional")
  8 | /// Component Callback Functional Tests
[340/453] Compiling SixLayerFrameworkTests PlatformPhotoComponentsLayer4ComponentAccessibilityTests.swift
/Users/schatt/code/github/6layer/Development/Tests/SixLayerFrameworkTests/Components/CallbackFunctionalTests.swift:6:8: error: no such module 'ViewInspector'
  4 | import SwiftUI
  5 | @testable import SixLayerFramework
  6 | import ViewInspector
    |        `- error: no such module 'ViewInspector'
  7 | @Suite("Callback Functional")
  8 | /// Component Callback Functional Tests
[341/453] Compiling SixLayerFrameworkTests PlatformPhotoLayoutDecisionLayer2AccessibilityTests.swift
/Users/schatt/code/github/6layer/Development/Tests/SixLayerFrameworkTests/Components/CallbackFunctionalTests.swift:6:8: error: no such module 'ViewInspector'
  4 | import SwiftUI
  5 | @testable import SixLayerFramework
  6 | import ViewInspector
    |        `- error: no such module 'ViewInspector'
  7 | @Suite("Callback Functional")
  8 | /// Component Callback Functional Tests
[342/453] Compiling SixLayerFrameworkTests PlatformPhotoSemanticLayer1AccessibilityTests.swift
/Users/schatt/code/github/6layer/Development/Tests/SixLayerFrameworkTests/Components/CallbackFunctionalTests.swift:6:8: error: no such module 'ViewInspector'
  4 | import SwiftUI
  5 | @testable import SixLayerFramework
  6 | import ViewInspector
    |        `- error: no such module 'ViewInspector'
  7 | @Suite("Callback Functional")
  8 | /// Component Callback Functional Tests
[343/453] Compiling SixLayerFrameworkTests PlatformPhotoStrategySelectionLayer3AccessibilityTests.swift
/Users/schatt/code/github/6layer/Development/Tests/SixLayerFrameworkTests/Components/CallbackFunctionalTests.swift:6:8: error: no such module 'ViewInspector'
  4 | import SwiftUI
  5 | @testable import SixLayerFramework
  6 | import ViewInspector
    |        `- error: no such module 'ViewInspector'
  7 | @Suite("Callback Functional")
  8 | /// Component Callback Functional Tests
[344/453] Compiling SixLayerFrameworkTests PlatformPrivacyLayer5ComponentAccessibilityTests.swift
/Users/schatt/code/github/6layer/Development/Tests/SixLayerFrameworkTests/Components/CallbackFunctionalTests.swift:6:8: error: no such module 'ViewInspector'
  4 | import SwiftUI
  5 | @testable import SixLayerFramework
  6 | import ViewInspector
    |        `- error: no such module 'ViewInspector'
  7 | @Suite("Callback Functional")
  8 | /// Component Callback Functional Tests
[345/453] Compiling SixLayerFrameworkTests PlatformProfilingLayer5ComponentAccessibilityTests.swift
/Users/schatt/code/github/6layer/Development/Tests/SixLayerFrameworkTests/Components/CallbackFunctionalTests.swift:6:8: error: no such module 'ViewInspector'
  4 | import SwiftUI
  5 | @testable import SixLayerFramework
  6 | import ViewInspector
    |        `- error: no such module 'ViewInspector'
  7 | @Suite("Callback Functional")
  8 | /// Component Callback Functional Tests
[346/453] Compiling SixLayerFrameworkTests PlatformRecognitionLayer5ComponentAccessibilityTests.swift
/Users/schatt/code/github/6layer/Development/Tests/SixLayerFrameworkTests/Components/CallbackFunctionalTests.swift:6:8: error: no such module 'ViewInspector'
  4 | import SwiftUI
  5 | @testable import SixLayerFramework
  6 | import ViewInspector
    |        `- error: no such module 'ViewInspector'
  7 | @Suite("Callback Functional")
  8 | /// Component Callback Functional Tests
[347/453] Compiling SixLayerFrameworkTests PlatformResourceLayer5ComponentAccessibilityTests.swift
/Users/schatt/code/github/6layer/Development/Tests/SixLayerFrameworkTests/Components/CallbackFunctionalTests.swift:6:8: error: no such module 'ViewInspector'
  4 | import SwiftUI
  5 | @testable import SixLayerFramework
  6 | import ViewInspector
    |        `- error: no such module 'ViewInspector'
  7 | @Suite("Callback Functional")
  8 | /// Component Callback Functional Tests
[348/453] Compiling SixLayerFrameworkTests PlatformRoutingLayer5ComponentAccessibilityTests.swift
/Users/schatt/code/github/6layer/Development/Tests/SixLayerFrameworkTests/Components/CallbackFunctionalTests.swift:6:8: error: no such module 'ViewInspector'
  4 | import SwiftUI
  5 | @testable import SixLayerFramework
  6 | import ViewInspector
    |        `- error: no such module 'ViewInspector'
  7 | @Suite("Callback Functional")
  8 | /// Component Callback Functional Tests
[349/453] Compiling SixLayerFrameworkTests PlatformSafetyLayer5ComponentAccessibilityTests.swift
/Users/schatt/code/github/6layer/Development/Tests/SixLayerFrameworkTests/Components/CallbackFunctionalTests.swift:6:8: error: no such module 'ViewInspector'
  4 | import SwiftUI
  5 | @testable import SixLayerFramework
  6 | import ViewInspector
    |        `- error: no such module 'ViewInspector'
  7 | @Suite("Callback Functional")
  8 | /// Component Callback Functional Tests
[350/453] Compiling SixLayerFrameworkTests PlatformSemanticLayer1ComponentAccessibilityTests.swift
/Users/schatt/code/github/6layer/Development/Tests/SixLayerFrameworkTests/Components/CallbackFunctionalTests.swift:6:8: error: no such module 'ViewInspector'
  4 | import SwiftUI
  5 | @testable import SixLayerFramework
  6 | import ViewInspector
    |        `- error: no such module 'ViewInspector'
  7 | @Suite("Callback Functional")
  8 | /// Component Callback Functional Tests
[351/453] Compiling SixLayerFrameworkTests PlatformSemanticLayer1HierarchicalTemporalAccessibilityTests.swift
/Users/schatt/code/github/6layer/Development/Tests/SixLayerFrameworkTests/Components/CallbackFunctionalTests.swift:6:8: error: no such module 'ViewInspector'
  4 | import SwiftUI
  5 | @testable import SixLayerFramework
  6 | import ViewInspector
    |        `- error: no such module 'ViewInspector'
  7 | @Suite("Callback Functional")
  8 | /// Component Callback Functional Tests
[352/453] Compiling SixLayerFrameworkTests PlatformSemanticLayer1ModalFormAccessibilityTests.swift
/Users/schatt/code/github/6layer/Development/Tests/SixLayerFrameworkTests/Components/CallbackFunctionalTests.swift:6:8: error: no such module 'ViewInspector'
  4 | import SwiftUI
  5 | @testable import SixLayerFramework
  6 | import ViewInspector
    |        `- error: no such module 'ViewInspector'
  7 | @Suite("Callback Functional")
  8 | /// Component Callback Functional Tests
[353/453] Compiling SixLayerFrameworkTests PlatformWisdomLayer5ComponentAccessibilityTests.swift
/Users/schatt/code/github/6layer/Development/Tests/SixLayerFrameworkTests/Components/CallbackFunctionalTests.swift:6:8: error: no such module 'ViewInspector'
  4 | import SwiftUI
  5 | @testable import SixLayerFramework
  6 | import ViewInspector
    |        `- error: no such module 'ViewInspector'
  7 | @Suite("Callback Functional")
  8 | /// Component Callback Functional Tests
[354/453] Compiling SixLayerFrameworkTests RemainingComponentsAccessibilityTests.swift
/Users/schatt/code/github/6layer/Development/Tests/SixLayerFrameworkTests/Components/CallbackFunctionalTests.swift:6:8: error: no such module 'ViewInspector'
  4 | import SwiftUI
  5 | @testable import SixLayerFramework
  6 | import ViewInspector
    |        `- error: no such module 'ViewInspector'
  7 | @Suite("Callback Functional")
  8 | /// Component Callback Functional Tests
[355/453] Compiling SixLayerFrameworkTests ResponsiveLayoutComponentAccessibilityTests.swift
/Users/schatt/code/github/6layer/Development/Tests/SixLayerFrameworkTests/Components/CallbackFunctionalTests.swift:6:8: error: no such module 'ViewInspector'
  4 | import SwiftUI
  5 | @testable import SixLayerFramework
  6 | import ViewInspector
    |        `- error: no such module 'ViewInspector'
  7 | @Suite("Callback Functional")
  8 | /// Component Callback Functional Tests
[356/453] Compiling SixLayerFrameworkTests RuntimeCapabilityDetectionComponentAccessibilityTests.swift
/Users/schatt/code/github/6layer/Development/Tests/SixLayerFrameworkTests/Components/CallbackFunctionalTests.swift:6:8: error: no such module 'ViewInspector'
  4 | import SwiftUI
  5 | @testable import SixLayerFramework
  6 | import ViewInspector
    |        `- error: no such module 'ViewInspector'
  7 | @Suite("Callback Functional")
  8 | /// Component Callback Functional Tests
[357/453] Compiling SixLayerFrameworkTests SafetyComponentAccessibilityTests.swift
/Users/schatt/code/github/6layer/Development/Tests/SixLayerFrameworkTests/Components/CallbackFunctionalTests.swift:6:8: error: no such module 'ViewInspector'
  4 | import SwiftUI
  5 | @testable import SixLayerFramework
  6 | import ViewInspector
    |        `- error: no such module 'ViewInspector'
  7 | @Suite("Callback Functional")
  8 | /// Component Callback Functional Tests
[358/453] Compiling SixLayerFrameworkTests ButtonStyleCompatibilityTests.swift
/Users/schatt/code/github/6layer/Development/Tests/SixLayerFrameworkTests/Components/CallbackFunctionalTests.swift:6:8: error: no such module 'ViewInspector'
  4 | import SwiftUI
  5 | @testable import SixLayerFramework
  6 | import ViewInspector
    |        `- error: no such module 'ViewInspector'
  7 | @Suite("Callback Functional")
  8 | /// Component Callback Functional Tests
[359/453] Compiling SixLayerFrameworkTests PlatformImageBreakingChangeDetectionTests.swift
/Users/schatt/code/github/6layer/Development/Tests/SixLayerFrameworkTests/Components/CallbackFunctionalTests.swift:6:8: error: no such module 'ViewInspector'
  4 | import SwiftUI
  5 | @testable import SixLayerFramework
  6 | import ViewInspector
    |        `- error: no such module 'ViewInspector'
  7 | @Suite("Callback Functional")
  8 | /// Component Callback Functional Tests
[360/453] Compiling SixLayerFrameworkTests PlatformImageBugFixVerificationTests.swift
/Users/schatt/code/github/6layer/Development/Tests/SixLayerFrameworkTests/Components/CallbackFunctionalTests.swift:6:8: error: no such module 'ViewInspector'
  4 | import SwiftUI
  5 | @testable import SixLayerFramework
  6 | import ViewInspector
    |        `- error: no such module 'ViewInspector'
  7 | @Suite("Callback Functional")
  8 | /// Component Callback Functional Tests
[361/453] Compiling SixLayerFrameworkTests TestingFailureDemonstrationTests.swift
/Users/schatt/code/github/6layer/Development/Tests/SixLayerFrameworkTests/Components/CallbackFunctionalTests.swift:6:8: error: no such module 'ViewInspector'
  4 | import SwiftUI
  5 | @testable import SixLayerFramework
  6 | import ViewInspector
    |        `- error: no such module 'ViewInspector'
  7 | @Suite("Callback Functional")
  8 | /// Component Callback Functional Tests
[362/453] Compiling SixLayerFrameworkTests PlatformPhotoPickerGlobalAccessTests.swift
/Users/schatt/code/github/6layer/Development/Tests/SixLayerFrameworkTests/Components/CallbackFunctionalTests.swift:6:8: error: no such module 'ViewInspector'
  4 | import SwiftUI
  5 | @testable import SixLayerFramework
  6 | import ViewInspector
    |        `- error: no such module 'ViewInspector'
  7 | @Suite("Callback Functional")
  8 | /// Component Callback Functional Tests
[363/453] Compiling SixLayerFrameworkTests PlatformTypesCompilationTests.swift
/Users/schatt/code/github/6layer/Development/Tests/SixLayerFrameworkTests/Components/CallbackFunctionalTests.swift:6:8: error: no such module 'ViewInspector'
  4 | import SwiftUI
  5 | @testable import SixLayerFramework
  6 | import ViewInspector
    |        `- error: no such module 'ViewInspector'
  7 | @Suite("Callback Functional")
  8 | /// Component Callback Functional Tests
[364/453] Compiling SixLayerFrameworkTests CallbackFunctionalTests.swift
/Users/schatt/code/github/6layer/Development/Tests/SixLayerFrameworkTests/Components/CallbackFunctionalTests.swift:6:8: error: no such module 'ViewInspector'
  4 | import SwiftUI
  5 | @testable import SixLayerFramework
  6 | import ViewInspector
    |        `- error: no such module 'ViewInspector'
  7 | @Suite("Callback Functional")
  8 | /// Component Callback Functional Tests
[365/453] Compiling SixLayerFrameworkTests FormCallbackFunctionalTests.swift
/Users/schatt/code/github/6layer/Development/Tests/SixLayerFrameworkTests/Components/CallbackFunctionalTests.swift:6:8: error: no such module 'ViewInspector'
  4 | import SwiftUI
  5 | @testable import SixLayerFramework
  6 | import ViewInspector
    |        `- error: no such module 'ViewInspector'
  7 | @Suite("Callback Functional")
  8 | /// Component Callback Functional Tests
[366/453] Compiling SixLayerFrameworkTests FieldViewTypeDeterminerTests.swift
/Users/schatt/code/github/6layer/Development/Tests/SixLayerFrameworkTests/Components/CallbackFunctionalTests.swift:6:8: error: no such module 'ViewInspector'
  4 | import SwiftUI
  5 | @testable import SixLayerFramework
  6 | import ViewInspector
    |        `- error: no such module 'ViewInspector'
  7 | @Suite("Callback Functional")
  8 | /// Component Callback Functional Tests
[367/453] Compiling SixLayerFrameworkTests PhotoCallbackFunctionalTests.swift
/Users/schatt/code/github/6layer/Development/Tests/SixLayerFrameworkTests/Components/CallbackFunctionalTests.swift:6:8: error: no such module 'ViewInspector'
  4 | import SwiftUI
  5 | @testable import SixLayerFramework
  6 | import ViewInspector
    |        `- error: no such module 'ViewInspector'
  7 | @Suite("Callback Functional")
  8 | /// Component Callback Functional Tests
[368/453] Compiling SixLayerFrameworkTests AdaptiveDetailStrategyTests.swift
/Users/schatt/code/github/6layer/Development/Tests/SixLayerFrameworkTests/Components/CallbackFunctionalTests.swift:6:8: error: no such module 'ViewInspector'
  4 | import SwiftUI
  5 | @testable import SixLayerFramework
  6 | import ViewInspector
    |        `- error: no such module 'ViewInspector'
  7 | @Suite("Callback Functional")
  8 | /// Component Callback Functional Tests
[369/453] Compiling SixLayerFrameworkTests AdaptiveDetailViewRenderingTests.swift
/Users/schatt/code/github/6layer/Development/Tests/SixLayerFrameworkTests/Components/CallbackFunctionalTests.swift:6:8: error: no such module 'ViewInspector'
  4 | import SwiftUI
  5 | @testable import SixLayerFramework
  6 | import ViewInspector
    |        `- error: no such module 'ViewInspector'
  7 | @Suite("Callback Functional")
  8 | /// Component Callback Functional Tests
[370/453] Compiling SixLayerFrameworkTests Layer1SemanticAPIPresenceTests.swift
/Users/schatt/code/github/6layer/Development/Tests/SixLayerFrameworkTests/Components/CallbackFunctionalTests.swift:6:8: error: no such module 'ViewInspector'
  4 | import SwiftUI
  5 | @testable import SixLayerFramework
  6 | import ViewInspector
    |        `- error: no such module 'ViewInspector'
  7 | @Suite("Callback Functional")
  8 | /// Component Callback Functional Tests
[371/453] Compiling SixLayerFrameworkTests PlatformImageAPISignatureTests.swift
/Users/schatt/code/github/6layer/Development/Tests/SixLayerFrameworkTests/Components/CallbackFunctionalTests.swift:6:8: error: no such module 'ViewInspector'
  4 | import SwiftUI
  5 | @testable import SixLayerFramework
  6 | import ViewInspector
    |        `- error: no such module 'ViewInspector'
  7 | @Suite("Callback Functional")
  8 | /// Component Callback Functional Tests
[372/453] Compiling SixLayerFrameworkTests PlatformImageFixVerificationTests.swift
/Users/schatt/code/github/6layer/Development/Tests/SixLayerFrameworkTests/Components/CallbackFunctionalTests.swift:6:8: error: no such module 'ViewInspector'
  4 | import SwiftUI
  5 | @testable import SixLayerFramework
  6 | import ViewInspector
    |        `- error: no such module 'ViewInspector'
  7 | @Suite("Callback Functional")
  8 | /// Component Callback Functional Tests
[373/453] Compiling SixLayerFrameworkTests PlatformImageImplicitConversionTests.swift
/Users/schatt/code/github/6layer/Development/Tests/SixLayerFrameworkTests/Components/CallbackFunctionalTests.swift:6:8: error: no such module 'ViewInspector'
  4 | import SwiftUI
  5 | @testable import SixLayerFramework
  6 | import ViewInspector
    |        `- error: no such module 'ViewInspector'
  7 | @Suite("Callback Functional")
  8 | /// Component Callback Functional Tests
[374/453] Compiling SixLayerFrameworkTests PlatformTypesAPISignatureTests.swift
/Users/schatt/code/github/6layer/Development/Tests/SixLayerFrameworkTests/Components/CallbackFunctionalTests.swift:6:8: error: no such module 'ViewInspector'
  4 | import SwiftUI
  5 | @testable import SixLayerFramework
  6 | import ViewInspector
    |        `- error: no such module 'ViewInspector'
  7 | @Suite("Callback Functional")
  8 | /// Component Callback Functional Tests
[375/453] Compiling SixLayerFrameworkTests CapabilityAwareFunctionTests.swift
/Users/schatt/code/github/6layer/Development/Tests/SixLayerFrameworkTests/Components/CallbackFunctionalTests.swift:6:8: error: no such module 'ViewInspector'
  4 | import SwiftUI
  5 | @testable import SixLayerFramework
  6 | import ViewInspector
    |        `- error: no such module 'ViewInspector'
  7 | @Suite("Callback Functional")
  8 | /// Component Callback Functional Tests
[376/453] Compiling SixLayerFrameworkTests CapabilityCombinationTests.swift
/Users/schatt/code/github/6layer/Development/Tests/SixLayerFrameworkTests/Components/CallbackFunctionalTests.swift:6:8: error: no such module 'ViewInspector'
  4 | import SwiftUI
  5 | @testable import SixLayerFramework
  6 | import ViewInspector
    |        `- error: no such module 'ViewInspector'
  7 | @Suite("Callback Functional")
  8 | /// Component Callback Functional Tests
[377/453] Compiling SixLayerFrameworkTests CapabilityCombinationValidationTests.swift
/Users/schatt/code/github/6layer/Development/Tests/SixLayerFrameworkTests/Components/CallbackFunctionalTests.swift:6:8: error: no such module 'ViewInspector'
  4 | import SwiftUI
  5 | @testable import SixLayerFramework
  6 | import ViewInspector
    |        `- error: no such module 'ViewInspector'
  7 | @Suite("Callback Functional")
  8 | /// Component Callback Functional Tests
[378/453] Compiling SixLayerFrameworkTests CapabilityMatrixTests.swift
/Users/schatt/code/github/6layer/Development/Tests/SixLayerFrameworkTests/Components/CallbackFunctionalTests.swift:6:8: error: no such module 'ViewInspector'
  4 | import SwiftUI
  5 | @testable import SixLayerFramework
  6 | import ViewInspector
    |        `- error: no such module 'ViewInspector'
  7 | @Suite("Callback Functional")
  8 | /// Component Callback Functional Tests
[379/453] Compiling SixLayerFrameworkTests ComprehensiveCapabilityMatrixTests.swift
/Users/schatt/code/github/6layer/Development/Tests/SixLayerFrameworkTests/Components/CallbackFunctionalTests.swift:6:8: error: no such module 'ViewInspector'
  4 | import SwiftUI
  5 | @testable import SixLayerFramework
  6 | import ViewInspector
    |        `- error: no such module 'ViewInspector'
  7 | @Suite("Callback Functional")
  8 | /// Component Callback Functional Tests
[380/453] Compiling SixLayerFrameworkTests ComprehensiveCapabilityTestRunner.swift
/Users/schatt/code/github/6layer/Development/Tests/SixLayerFrameworkTests/Components/CallbackFunctionalTests.swift:6:8: error: no such module 'ViewInspector'
  4 | import SwiftUI
  5 | @testable import SixLayerFramework
  6 | import ViewInspector
    |        `- error: no such module 'ViewInspector'
  7 | @Suite("Callback Functional")
  8 | /// Component Callback Functional Tests
[381/453] Compiling SixLayerFrameworkTests CoreArchitectureTests.swift
/Users/schatt/code/github/6layer/Development/Tests/SixLayerFrameworkTests/Components/CallbackFunctionalTests.swift:6:8: error: no such module 'ViewInspector'
  4 | import SwiftUI
  5 | @testable import SixLayerFramework
  6 | import ViewInspector
    |        `- error: no such module 'ViewInspector'
  7 | @Suite("Callback Functional")
  8 | /// Component Callback Functional Tests
[382/453] Compiling SixLayerFrameworkTests TextContentTypeCompletenessTests.swift
/Users/schatt/code/github/6layer/Development/Tests/SixLayerFrameworkTests/Components/CallbackFunctionalTests.swift:6:8: error: no such module 'ViewInspector'
  4 | import SwiftUI
  5 | @testable import SixLayerFramework
  6 | import ViewInspector
    |        `- error: no such module 'ViewInspector'
  7 | @Suite("Callback Functional")
  8 | /// Component Callback Functional Tests
[383/453] Compiling SixLayerFrameworkTests TextContentTypeTests.swift
/Users/schatt/code/github/6layer/Development/Tests/SixLayerFrameworkTests/Components/CallbackFunctionalTests.swift:6:8: error: no such module 'ViewInspector'
  4 | import SwiftUI
  5 | @testable import SixLayerFramework
  6 | import ViewInspector
    |        `- error: no such module 'ViewInspector'
  7 | @Suite("Callback Functional")
  8 | /// Component Callback Functional Tests
[384/453] Compiling SixLayerFrameworkTests WindowDetectionTests.swift
/Users/schatt/code/github/6layer/Development/Tests/SixLayerFrameworkTests/Components/CallbackFunctionalTests.swift:6:8: error: no such module 'ViewInspector'
  4 | import SwiftUI
  5 | @testable import SixLayerFramework
  6 | import ViewInspector
    |        `- error: no such module 'ViewInspector'
  7 | @Suite("Callback Functional")
  8 | /// Component Callback Functional Tests
[385/453] Compiling SixLayerFrameworkTests iOSWindowDetectionTests.swift
/Users/schatt/code/github/6layer/Development/Tests/SixLayerFrameworkTests/Components/CallbackFunctionalTests.swift:6:8: error: no such module 'ViewInspector'
  4 | import SwiftUI
  5 | @testable import SixLayerFramework
  6 | import ViewInspector
    |        `- error: no such module 'ViewInspector'
  7 | @Suite("Callback Functional")
  8 | /// Component Callback Functional Tests
[386/453] Compiling SixLayerFrameworkTests macOSWindowDetectionTests.swift
/Users/schatt/code/github/6layer/Development/Tests/SixLayerFrameworkTests/Components/CallbackFunctionalTests.swift:6:8: error: no such module 'ViewInspector'
  4 | import SwiftUI
  5 | @testable import SixLayerFramework
  6 | import ViewInspector
    |        `- error: no such module 'ViewInspector'
  7 | @Suite("Callback Functional")
  8 | /// Component Callback Functional Tests
[387/453] Compiling SixLayerFrameworkTests CrossPlatformColorTests.swift
/Users/schatt/code/github/6layer/Development/Tests/SixLayerFrameworkTests/Components/CallbackFunctionalTests.swift:6:8: error: no such module 'ViewInspector'
  4 | import SwiftUI
  5 | @testable import SixLayerFramework
  6 | import ViewInspector
    |        `- error: no such module 'ViewInspector'
  7 | @Suite("Callback Functional")
  8 | /// Component Callback Functional Tests
[388/453] Compiling SixLayerFrameworkTests CrossPlatformNavigationTests.swift
/Users/schatt/code/github/6layer/Development/Tests/SixLayerFrameworkTests/Components/CallbackFunctionalTests.swift:6:8: error: no such module 'ViewInspector'
  4 | import SwiftUI
  5 | @testable import SixLayerFramework
  6 | import ViewInspector
    |        `- error: no such module 'ViewInspector'
  7 | @Suite("Callback Functional")
  8 | /// Component Callback Functional Tests
[389/453] Compiling SixLayerFrameworkTests CrossPlatformOptimizationLayer6Tests.swift
/Users/schatt/code/github/6layer/Development/Tests/SixLayerFrameworkTests/Components/CallbackFunctionalTests.swift:6:8: error: no such module 'ViewInspector'
  4 | import SwiftUI
  5 | @testable import SixLayerFramework
  6 | import ViewInspector
    |        `- error: no such module 'ViewInspector'
  7 | @Suite("Callback Functional")
  8 | /// Component Callback Functional Tests
[390/453] Compiling SixLayerFrameworkTests L2LayoutDecisionTests.swift
/Users/schatt/code/github/6layer/Development/Tests/SixLayerFrameworkTests/Components/CallbackFunctionalTests.swift:6:8: error: no such module 'ViewInspector'
  4 | import SwiftUI
  5 | @testable import SixLayerFramework
  6 | import ViewInspector
    |        `- error: no such module 'ViewInspector'
  7 | @Suite("Callback Functional")
  8 | /// Component Callback Functional Tests
[391/453] Compiling SixLayerFrameworkTests L3StrategySelectionTests.swift
/Users/schatt/code/github/6layer/Development/Tests/SixLayerFrameworkTests/Components/CallbackFunctionalTests.swift:6:8: error: no such module 'ViewInspector'
  4 | import SwiftUI
  5 | @testable import SixLayerFramework
  6 | import ViewInspector
    |        `- error: no such module 'ViewInspector'
  7 | @Suite("Callback Functional")
  8 | /// Component Callback Functional Tests
[392/453] Compiling SixLayerFrameworkTests SingleInstanceLayer1Tests.swift
/Users/schatt/code/github/6layer/Development/Tests/SixLayerFrameworkTests/Components/CallbackFunctionalTests.swift:6:8: error: no such module 'ViewInspector'
  4 | import SwiftUI
  5 | @testable import SixLayerFramework
  6 | import ViewInspector
    |        `- error: no such module 'ViewInspector'
  7 | @Suite("Callback Functional")
  8 | /// Component Callback Functional Tests
[393/453] Compiling SixLayerFrameworkTests Layer1AccessibilityTests.swift
/Users/schatt/code/github/6layer/Development/Tests/SixLayerFrameworkTests/Components/CallbackFunctionalTests.swift:6:8: error: no such module 'ViewInspector'
  4 | import SwiftUI
  5 | @testable import SixLayerFramework
  6 | import ViewInspector
    |        `- error: no such module 'ViewInspector'
  7 | @Suite("Callback Functional")
  8 | /// Component Callback Functional Tests
[394/453] Compiling SixLayerFrameworkTests Layer1CallbackFunctionalTests.swift
/Users/schatt/code/github/6layer/Development/Tests/SixLayerFrameworkTests/Components/CallbackFunctionalTests.swift:6:8: error: no such module 'ViewInspector'
  4 | import SwiftUI
  5 | @testable import SixLayerFramework
  6 | import ViewInspector
    |        `- error: no such module 'ViewInspector'
  7 | @Suite("Callback Functional")
  8 | /// Component Callback Functional Tests
[395/453] Compiling SixLayerFrameworkTests Layer1PresentationTests.swift
/Users/schatt/code/github/6layer/Development/Tests/SixLayerFrameworkTests/Components/CallbackFunctionalTests.swift:6:8: error: no such module 'ViewInspector'
  4 | import SwiftUI
  5 | @testable import SixLayerFramework
  6 | import ViewInspector
    |        `- error: no such module 'ViewInspector'
  7 | @Suite("Callback Functional")
  8 | /// Component Callback Functional Tests
[396/453] Compiling SixLayerFrameworkTests Layer2ComponentAccessibilityTests.swift
/Users/schatt/code/github/6layer/Development/Tests/SixLayerFrameworkTests/Components/CallbackFunctionalTests.swift:6:8: error: no such module 'ViewInspector'
  4 | import SwiftUI
  5 | @testable import SixLayerFramework
  6 | import ViewInspector
    |        `- error: no such module 'ViewInspector'
  7 | @Suite("Callback Functional")
  8 | /// Component Callback Functional Tests
[397/453] Compiling SixLayerFrameworkTests Layer2LayoutDecisionTests.swift
/Users/schatt/code/github/6layer/Development/Tests/SixLayerFrameworkTests/Components/CallbackFunctionalTests.swift:6:8: error: no such module 'ViewInspector'
  4 | import SwiftUI
  5 | @testable import SixLayerFramework
  6 | import ViewInspector
    |        `- error: no such module 'ViewInspector'
  7 | @Suite("Callback Functional")
  8 | /// Component Callback Functional Tests
[398/453] Compiling SixLayerFrameworkTests Layer3ComponentAccessibilityTests.swift
/Users/schatt/code/github/6layer/Development/Tests/SixLayerFrameworkTests/Components/CallbackFunctionalTests.swift:6:8: error: no such module 'ViewInspector'
  4 | import SwiftUI
  5 | @testable import SixLayerFramework
  6 | import ViewInspector
    |        `- error: no such module 'ViewInspector'
  7 | @Suite("Callback Functional")
  8 | /// Component Callback Functional Tests
[399/453] Compiling SixLayerFrameworkTests Layer4ComponentAccessibilityTests.swift
/Users/schatt/code/github/6layer/Development/Tests/SixLayerFrameworkTests/Components/CallbackFunctionalTests.swift:6:8: error: no such module 'ViewInspector'
  4 | import SwiftUI
  5 | @testable import SixLayerFramework
  6 | import ViewInspector
    |        `- error: no such module 'ViewInspector'
  7 | @Suite("Callback Functional")
  8 | /// Component Callback Functional Tests
[400/453] Compiling SixLayerFrameworkTests Layer4FormContainerTests.swift
/Users/schatt/code/github/6layer/Development/Tests/SixLayerFrameworkTests/Components/CallbackFunctionalTests.swift:6:8: error: no such module 'ViewInspector'
  4 | import SwiftUI
  5 | @testable import SixLayerFramework
  6 | import ViewInspector
    |        `- error: no such module 'ViewInspector'
  7 | @Suite("Callback Functional")
  8 | /// Component Callback Functional Tests
[401/453] Compiling SixLayerFrameworkTests Layer4PlatformImageArchitectureTests.swift
/Users/schatt/code/github/6layer/Development/Tests/SixLayerFrameworkTests/Components/CallbackFunctionalTests.swift:6:8: error: no such module 'ViewInspector'
  4 | import SwiftUI
  5 | @testable import SixLayerFramework
  6 | import ViewInspector
    |        `- error: no such module 'ViewInspector'
  7 | @Suite("Callback Functional")
  8 | /// Component Callback Functional Tests
[402/453] Compiling SixLayerFrameworkTests Layer4ViewExtensionTests.swift
/Users/schatt/code/github/6layer/Development/Tests/SixLayerFrameworkTests/Components/CallbackFunctionalTests.swift:6:8: error: no such module 'ViewInspector'
  4 | import SwiftUI
  5 | @testable import SixLayerFramework
  6 | import ViewInspector
    |        `- error: no such module 'ViewInspector'
  7 | @Suite("Callback Functional")
  8 | /// Component Callback Functional Tests
[403/453] Compiling SixLayerFrameworkTests Layer5PlatformComponentTDDTests.swift
/Users/schatt/code/github/6layer/Development/Tests/SixLayerFrameworkTests/Components/CallbackFunctionalTests.swift:6:8: error: no such module 'ViewInspector'
  4 | import SwiftUI
  5 | @testable import SixLayerFramework
  6 | import ViewInspector
    |        `- error: no such module 'ViewInspector'
  7 | @Suite("Callback Functional")
  8 | /// Component Callback Functional Tests
[404/453] Compiling SixLayerFrameworkTests Layer5ComponentAccessibilityTests.swift
/Users/schatt/code/github/6layer/Development/Tests/SixLayerFrameworkTests/Components/CallbackFunctionalTests.swift:6:8: error: no such module 'ViewInspector'
  4 | import SwiftUI
  5 | @testable import SixLayerFramework
  6 | import ViewInspector
    |        `- error: no such module 'ViewInspector'
  7 | @Suite("Callback Functional")
  8 | /// Component Callback Functional Tests
[405/453] Compiling SixLayerFrameworkTests CoreViewFunctionTests.swift
/Users/schatt/code/github/6layer/Development/Tests/SixLayerFrameworkTests/Components/CallbackFunctionalTests.swift:6:8: error: no such module 'ViewInspector'
  4 | import SwiftUI
  5 | @testable import SixLayerFramework
  6 | import ViewInspector
    |        `- error: no such module 'ViewInspector'
  7 | @Suite("Callback Functional")
  8 | /// Component Callback Functional Tests
[406/453] Compiling SixLayerFrameworkTests DefensiveCapabilityTypes.swift
/Users/schatt/code/github/6layer/Development/Tests/SixLayerFrameworkTests/Components/CallbackFunctionalTests.swift:6:8: error: no such module 'ViewInspector'
  4 | import SwiftUI
  5 | @testable import SixLayerFramework
  6 | import ViewInspector
    |        `- error: no such module 'ViewInspector'
  7 | @Suite("Callback Functional")
  8 | /// Component Callback Functional Tests
[407/453] Compiling SixLayerFrameworkTests DefensiveTestImplementation.swift
/Users/schatt/code/github/6layer/Development/Tests/SixLayerFrameworkTests/Components/CallbackFunctionalTests.swift:6:8: error: no such module 'ViewInspector'
  4 | import SwiftUI
  5 | @testable import SixLayerFramework
  6 | import ViewInspector
    |        `- error: no such module 'ViewInspector'
  7 | @Suite("Callback Functional")
  8 | /// Component Callback Functional Tests
[408/453] Compiling SixLayerFrameworkTests DefensiveValidation.swift
/Users/schatt/code/github/6layer/Development/Tests/SixLayerFrameworkTests/Components/CallbackFunctionalTests.swift:6:8: error: no such module 'ViewInspector'
  4 | import SwiftUI
  5 | @testable import SixLayerFramework
  6 | import ViewInspector
    |        `- error: no such module 'ViewInspector'
  7 | @Suite("Callback Functional")
  8 | /// Component Callback Functional Tests
[409/453] Compiling SixLayerFrameworkTests ExtensibleHintsTests.swift
/Users/schatt/code/github/6layer/Development/Tests/SixLayerFrameworkTests/Components/CallbackFunctionalTests.swift:6:8: error: no such module 'ViewInspector'
  4 | import SwiftUI
  5 | @testable import SixLayerFramework
  6 | import ViewInspector
    |        `- error: no such module 'ViewInspector'
  7 | @Suite("Callback Functional")
  8 | /// Component Callback Functional Tests
[410/453] Compiling SixLayerFrameworkTests FrameworkComponentGlobalConfigTests.swift
/Users/schatt/code/github/6layer/Development/Tests/SixLayerFrameworkTests/Components/CallbackFunctionalTests.swift:6:8: error: no such module 'ViewInspector'
  4 | import SwiftUI
  5 | @testable import SixLayerFramework
  6 | import ViewInspector
    |        `- error: no such module 'ViewInspector'
  7 | @Suite("Callback Functional")
  8 | /// Component Callback Functional Tests
[411/453] Compiling SixLayerFrameworkTests FrameworkComponentIntegrationTests.swift
/Users/schatt/code/github/6layer/Development/Tests/SixLayerFrameworkTests/Components/CallbackFunctionalTests.swift:6:8: error: no such module 'ViewInspector'
  4 | import SwiftUI
  5 | @testable import SixLayerFramework
  6 | import ViewInspector
    |        `- error: no such module 'ViewInspector'
  7 | @Suite("Callback Functional")
  8 | /// Component Callback Functional Tests
[412/453] Compiling SixLayerFrameworkTests GenericLayoutDecisionTests.swift
/Users/schatt/code/github/6layer/Development/Tests/SixLayerFrameworkTests/Components/CallbackFunctionalTests.swift:6:8: error: no such module 'ViewInspector'
  4 | import SwiftUI
  5 | @testable import SixLayerFramework
  6 | import ViewInspector
    |        `- error: no such module 'ViewInspector'
  7 | @Suite("Callback Functional")
  8 | /// Component Callback Functional Tests
[413/453] Compiling SixLayerFrameworkTests GenericMediaViewTests.swift
/Users/schatt/code/github/6layer/Development/Tests/SixLayerFrameworkTests/Components/CallbackFunctionalTests.swift:6:8: error: no such module 'ViewInspector'
  4 | import SwiftUI
  5 | @testable import SixLayerFramework
  6 | import ViewInspector
    |        `- error: no such module 'ViewInspector'
  7 | @Suite("Callback Functional")
  8 | /// Component Callback Functional Tests
[414/453] Compiling SixLayerFrameworkTests GlobalDisableLocalEnableTests.swift
/Users/schatt/code/github/6layer/Development/Tests/SixLayerFrameworkTests/Components/CallbackFunctionalTests.swift:6:8: error: no such module 'ViewInspector'
  4 | import SwiftUI
  5 | @testable import SixLayerFramework
  6 | import ViewInspector
    |        `- error: no such module 'ViewInspector'
  7 | @Suite("Callback Functional")
  8 | /// Component Callback Functional Tests
[415/453] Compiling SixLayerFrameworkTests MetalRenderingCrashTests.swift
/Users/schatt/code/github/6layer/Development/Tests/SixLayerFrameworkTests/Components/CallbackFunctionalTests.swift:6:8: error: no such module 'ViewInspector'
  4 | import SwiftUI
  5 | @testable import SixLayerFramework
  6 | import ViewInspector
    |        `- error: no such module 'ViewInspector'
  7 | @Suite("Callback Functional")
  8 | /// Component Callback Functional Tests
[416/453] Compiling SixLayerFrameworkTests NamedModifierRefactoringTests.swift
/Users/schatt/code/github/6layer/Development/Tests/SixLayerFrameworkTests/Components/CallbackFunctionalTests.swift:6:8: error: no such module 'ViewInspector'
  4 | import SwiftUI
  5 | @testable import SixLayerFramework
  6 | import ViewInspector
    |        `- error: no such module 'ViewInspector'
  7 | @Suite("Callback Functional")
  8 | /// Component Callback Functional Tests
[417/453] Compiling SixLayerFrameworkTests PlatformImageArchitectureTests.swift
/Users/schatt/code/github/6layer/Development/Tests/SixLayerFrameworkTests/Components/CallbackFunctionalTests.swift:6:8: error: no such module 'ViewInspector'
  4 | import SwiftUI
  5 | @testable import SixLayerFramework
  6 | import ViewInspector
    |        `- error: no such module 'ViewInspector'
  7 | @Suite("Callback Functional")
  8 | /// Component Callback Functional Tests
[418/453] Compiling SixLayerFrameworkTests ShapeStyleSystemTests.swift
/Users/schatt/code/github/6layer/Development/Tests/SixLayerFrameworkTests/Components/CallbackFunctionalTests.swift:6:8: error: no such module 'ViewInspector'
  4 | import SwiftUI
  5 | @testable import SixLayerFramework
  6 | import ViewInspector
    |        `- error: no such module 'ViewInspector'
  7 | @Suite("Callback Functional")
  8 | /// Component Callback Functional Tests
[419/453] Compiling SixLayerFrameworkTests SixLayerFrameworkTests.swift
/Users/schatt/code/github/6layer/Development/Tests/SixLayerFrameworkTests/Components/CallbackFunctionalTests.swift:6:8: error: no such module 'ViewInspector'
  4 | import SwiftUI
  5 | @testable import SixLayerFramework
  6 | import ViewInspector
    |        `- error: no such module 'ViewInspector'
  7 | @Suite("Callback Functional")
  8 | /// Component Callback Functional Tests
[420/453] Compiling SixLayerFrameworkTests TestPatterns.swift
/Users/schatt/code/github/6layer/Development/Tests/SixLayerFrameworkTests/Components/CallbackFunctionalTests.swift:6:8: error: no such module 'ViewInspector'
  4 | import SwiftUI
  5 | @testable import SixLayerFramework
  6 | import ViewInspector
    |        `- error: no such module 'ViewInspector'
  7 | @Suite("Callback Functional")
  8 | /// Component Callback Functional Tests
[421/453] Compiling SixLayerFrameworkTests UIGenerationVerificationTests.swift
/Users/schatt/code/github/6layer/Development/Tests/SixLayerFrameworkTests/Components/CallbackFunctionalTests.swift:6:8: error: no such module 'ViewInspector'
  4 | import SwiftUI
  5 | @testable import SixLayerFramework
  6 | import ViewInspector
    |        `- error: no such module 'ViewInspector'
  7 | @Suite("Callback Functional")
  8 | /// Component Callback Functional Tests
[422/453] Compiling SixLayerFrameworkTests DataBindingTests.swift
/Users/schatt/code/github/6layer/Development/Tests/SixLayerFrameworkTests/Components/CallbackFunctionalTests.swift:6:8: error: no such module 'ViewInspector'
  4 | import SwiftUI
  5 | @testable import SixLayerFramework
  6 | import ViewInspector
    |        `- error: no such module 'ViewInspector'
  7 | @Suite("Callback Functional")
  8 | /// Component Callback Functional Tests
[423/453] Compiling SixLayerFrameworkTests DataFrameAnalysisEngineTests.swift
/Users/schatt/code/github/6layer/Development/Tests/SixLayerFrameworkTests/Components/CallbackFunctionalTests.swift:6:8: error: no such module 'ViewInspector'
  4 | import SwiftUI
  5 | @testable import SixLayerFramework
  6 | import ViewInspector
    |        `- error: no such module 'ViewInspector'
  7 | @Suite("Callback Functional")
  8 | /// Component Callback Functional Tests
[424/453] Compiling SixLayerFrameworkTests DataIntrospectionTests.swift
/Users/schatt/code/github/6layer/Development/Tests/SixLayerFrameworkTests/Components/CallbackFunctionalTests.swift:6:8: error: no such module 'ViewInspector'
  4 | import SwiftUI
  5 | @testable import SixLayerFramework
  6 | import ViewInspector
    |        `- error: no such module 'ViewInspector'
  7 | @Suite("Callback Functional")
  8 | /// Component Callback Functional Tests
[425/453] Compiling SixLayerFrameworkTests DataPresentationIntelligenceTests.swift
/Users/schatt/code/github/6layer/Development/Tests/SixLayerFrameworkTests/Components/CallbackFunctionalTests.swift:6:8: error: no such module 'ViewInspector'
  4 | import SwiftUI
  5 | @testable import SixLayerFramework
  6 | import ViewInspector
    |        `- error: no such module 'ViewInspector'
  7 | @Suite("Callback Functional")
  8 | /// Component Callback Functional Tests
[426/453] Compiling SixLayerFrameworkTests FieldDisplayHintsTests.swift
/Users/schatt/code/github/6layer/Development/Tests/SixLayerFrameworkTests/Components/CallbackFunctionalTests.swift:6:8: error: no such module 'ViewInspector'
  4 | import SwiftUI
  5 | @testable import SixLayerFramework
  6 | import ViewInspector
    |        `- error: no such module 'ViewInspector'
  7 | @Suite("Callback Functional")
  8 | /// Component Callback Functional Tests
[427/453] Compiling SixLayerFrameworkTests FieldHintsDRYTests.swift
/Users/schatt/code/github/6layer/Development/Tests/SixLayerFrameworkTests/Components/CallbackFunctionalTests.swift:6:8: error: no such module 'ViewInspector'
  4 | import SwiftUI
  5 | @testable import SixLayerFramework
  6 | import ViewInspector
    |        `- error: no such module 'ViewInspector'
  7 | @Suite("Callback Functional")
  8 | /// Component Callback Functional Tests
[428/453] Compiling SixLayerFrameworkTests FieldHintsIntegrationTests.swift
/Users/schatt/code/github/6layer/Development/Tests/SixLayerFrameworkTests/Components/CallbackFunctionalTests.swift:6:8: error: no such module 'ViewInspector'
  4 | import SwiftUI
  5 | @testable import SixLayerFramework
  6 | import ViewInspector
    |        `- error: no such module 'ViewInspector'
  7 | @Suite("Callback Functional")
  8 | /// Component Callback Functional Tests
[429/453] Compiling SixLayerFrameworkTests Layer5PlatformOptimizationTests.swift
/Users/schatt/code/github/6layer/Development/Tests/SixLayerFrameworkTests/Components/CallbackFunctionalTests.swift:6:8: error: no such module 'ViewInspector'
  4 | import SwiftUI
  5 | @testable import SixLayerFramework
  6 | import ViewInspector
    |        `- error: no such module 'ViewInspector'
  7 | @Suite("Callback Functional")
  8 | /// Component Callback Functional Tests
[430/453] Compiling SixLayerFrameworkTests Layer6ComponentAccessibilityTests.swift
/Users/schatt/code/github/6layer/Development/Tests/SixLayerFrameworkTests/Components/CallbackFunctionalTests.swift:6:8: error: no such module 'ViewInspector'
  4 | import SwiftUI
  5 | @testable import SixLayerFramework
  6 | import ViewInspector
    |        `- error: no such module 'ViewInspector'
  7 | @Suite("Callback Functional")
  8 | /// Component Callback Functional Tests
[431/453] Compiling SixLayerFrameworkTests Layer6PlatformOptimizationTests.swift
/Users/schatt/code/github/6layer/Development/Tests/SixLayerFrameworkTests/Components/CallbackFunctionalTests.swift:6:8: error: no such module 'ViewInspector'
  4 | import SwiftUI
  5 | @testable import SixLayerFramework
  6 | import ViewInspector
    |        `- error: no such module 'ViewInspector'
  7 | @Suite("Callback Functional")
  8 | /// Component Callback Functional Tests
[432/453] Compiling SixLayerFrameworkTests LayoutDecisionReasoningTests.swift
/Users/schatt/code/github/6layer/Development/Tests/SixLayerFrameworkTests/Components/CallbackFunctionalTests.swift:6:8: error: no such module 'ViewInspector'
  4 | import SwiftUI
  5 | @testable import SixLayerFramework
  6 | import ViewInspector
    |        `- error: no such module 'ViewInspector'
  7 | @Suite("Callback Functional")
  8 | /// Component Callback Functional Tests
[433/453] Compiling SixLayerFrameworkTests LiquidGlassCapabilityDetectionTests.swift
/Users/schatt/code/github/6layer/Development/Tests/SixLayerFrameworkTests/Components/CallbackFunctionalTests.swift:6:8: error: no such module 'ViewInspector'
  4 | import SwiftUI
  5 | @testable import SixLayerFramework
  6 | import ViewInspector
    |        `- error: no such module 'ViewInspector'
  7 | @Suite("Callback Functional")
  8 | /// Component Callback Functional Tests
[434/453] Compiling SixLayerFrameworkTests LiquidGlassDesignSystemTests.swift
/Users/schatt/code/github/6layer/Development/Tests/SixLayerFrameworkTests/Components/CallbackFunctionalTests.swift:6:8: error: no such module 'ViewInspector'
  4 | import SwiftUI
  5 | @testable import SixLayerFramework
  6 | import ViewInspector
    |        `- error: no such module 'ViewInspector'
  7 | @Suite("Callback Functional")
  8 | /// Component Callback Functional Tests
[435/453] Compiling SixLayerFrameworkTests LocalEnableOverrideTests.swift
/Users/schatt/code/github/6layer/Development/Tests/SixLayerFrameworkTests/Components/CallbackFunctionalTests.swift:6:8: error: no such module 'ViewInspector'
  4 | import SwiftUI
  5 | @testable import SixLayerFramework
  6 | import ViewInspector
    |        `- error: no such module 'ViewInspector'
  7 | @Suite("Callback Functional")
  8 | /// Component Callback Functional Tests
[436/453] Compiling SixLayerFrameworkTests AccessibilityManagerTDDTests.swift
/Users/schatt/code/github/6layer/Development/Tests/SixLayerFrameworkTests/Components/CallbackFunctionalTests.swift:6:8: error: no such module 'ViewInspector'
  4 | import SwiftUI
  5 | @testable import SixLayerFramework
  6 | import ViewInspector
    |        `- error: no such module 'ViewInspector'
  7 | @Suite("Callback Functional")
  8 | /// Component Callback Functional Tests
[437/453] Compiling SixLayerFrameworkTests AccessibilityManagerTests.swift
/Users/schatt/code/github/6layer/Development/Tests/SixLayerFrameworkTests/Components/CallbackFunctionalTests.swift:6:8: error: no such module 'ViewInspector'
  4 | import SwiftUI
  5 | @testable import SixLayerFramework
  6 | import ViewInspector
    |        `- error: no such module 'ViewInspector'
  7 | @Suite("Callback Functional")
  8 | /// Component Callback Functional Tests
[438/453] Compiling SixLayerFrameworkTests AccessibilityTestingSuiteTests.swift
/Users/schatt/code/github/6layer/Development/Tests/SixLayerFrameworkTests/Components/CallbackFunctionalTests.swift:6:8: error: no such module 'ViewInspector'
  4 | import SwiftUI
  5 | @testable import SixLayerFramework
  6 | import ViewInspector
    |        `- error: no such module 'ViewInspector'
  7 | @Suite("Callback Functional")
  8 | /// Component Callback Functional Tests
[439/453] Compiling SixLayerFrameworkTests InternationalizationServiceTests.swift
/Users/schatt/code/github/6layer/Development/Tests/SixLayerFrameworkTests/Components/CallbackFunctionalTests.swift:6:8: error: no such module 'ViewInspector'
  4 | import SwiftUI
  5 | @testable import SixLayerFramework
  6 | import ViewInspector
    |        `- error: no such module 'ViewInspector'
  7 | @Suite("Callback Functional")
  8 | /// Component Callback Functional Tests
[440/453] Compiling SixLayerFrameworkTests macOSLocationServiceTests.swift
/Users/schatt/code/github/6layer/Development/Tests/SixLayerFrameworkTests/Components/CallbackFunctionalTests.swift:6:8: error: no such module 'ViewInspector'
  4 | import SwiftUI
  5 | @testable import SixLayerFramework
  6 | import ViewInspector
    |        `- error: no such module 'ViewInspector'
  7 | @Suite("Callback Functional")
  8 | /// Component Callback Functional Tests
[441/453] Compiling SixLayerFrameworkTests BaseTestClass.swift
/Users/schatt/code/github/6layer/Development/Tests/SixLayerFrameworkTests/Components/CallbackFunctionalTests.swift:6:8: error: no such module 'ViewInspector'
  4 | import SwiftUI
  5 | @testable import SixLayerFramework
  6 | import ViewInspector
    |        `- error: no such module 'ViewInspector'
  7 | @Suite("Callback Functional")
  8 | /// Component Callback Functional Tests
[442/453] Compiling SixLayerFrameworkTests EnvironmentVariableDebugTests.swift
/Users/schatt/code/github/6layer/Development/Tests/SixLayerFrameworkTests/Components/CallbackFunctionalTests.swift:6:8: error: no such module 'ViewInspector'
  4 | import SwiftUI
  5 | @testable import SixLayerFramework
  6 | import ViewInspector
    |        `- error: no such module 'ViewInspector'
  7 | @Suite("Callback Functional")
  8 | /// Component Callback Functional Tests
[443/453] Compiling SixLayerFrameworkTests MockOCRServiceTests.swift
/Users/schatt/code/github/6layer/Development/Tests/SixLayerFrameworkTests/Components/CallbackFunctionalTests.swift:6:8: error: no such module 'ViewInspector'
  4 | import SwiftUI
  5 | @testable import SixLayerFramework
  6 | import ViewInspector
    |        `- error: no such module 'ViewInspector'
  7 | @Suite("Callback Functional")
  8 | /// Component Callback Functional Tests
[444/453] Compiling SixLayerFrameworkTests AccessibilityTestBase.swift
/Users/schatt/code/github/6layer/Development/Tests/SixLayerFrameworkTests/Components/CallbackFunctionalTests.swift:6:8: error: no such module 'ViewInspector'
  4 | import SwiftUI
  5 | @testable import SixLayerFramework
  6 | import ViewInspector
    |        `- error: no such module 'ViewInspector'
  7 | @Suite("Callback Functional")
  8 | /// Component Callback Functional Tests
[445/453] Compiling SixLayerFrameworkTests AccessibilityTestUtilities.swift
/Users/schatt/code/github/6layer/Development/Tests/SixLayerFrameworkTests/Components/CallbackFunctionalTests.swift:6:8: error: no such module 'ViewInspector'
  4 | import SwiftUI
  5 | @testable import SixLayerFramework
  6 | import ViewInspector
    |        `- error: no such module 'ViewInspector'
  7 | @Suite("Callback Functional")
  8 | /// Component Callback Functional Tests
[446/453] Compiling SixLayerFrameworkTests CentralizedTestFunctions.swift
/Users/schatt/code/github/6layer/Development/Tests/SixLayerFrameworkTests/Components/CallbackFunctionalTests.swift:6:8: error: no such module 'ViewInspector'
  4 | import SwiftUI
  5 | @testable import SixLayerFramework
  6 | import ViewInspector
    |        `- error: no such module 'ViewInspector'
  7 | @Suite("Callback Functional")
  8 | /// Component Callback Functional Tests
[447/453] Compiling SixLayerFrameworkTests CoreDataTestUtilities.swift
/Users/schatt/code/github/6layer/Development/Tests/SixLayerFrameworkTests/Components/CallbackFunctionalTests.swift:6:8: error: no such module 'ViewInspector'
  4 | import SwiftUI
  5 | @testable import SixLayerFramework
  6 | import ViewInspector
    |        `- error: no such module 'ViewInspector'
  7 | @Suite("Callback Functional")
  8 | /// Component Callback Functional Tests
[448/453] Compiling SixLayerFrameworkTests PlatformTestUtilities.swift
/Users/schatt/code/github/6layer/Development/Tests/SixLayerFrameworkTests/Components/CallbackFunctionalTests.swift:6:8: error: no such module 'ViewInspector'
  4 | import SwiftUI
  5 | @testable import SixLayerFramework
  6 | import ViewInspector
    |        `- error: no such module 'ViewInspector'
  7 | @Suite("Callback Functional")
  8 | /// Component Callback Functional Tests
[449/453] Compiling SixLayerFrameworkTests TestSetupUtilities.swift
/Users/schatt/code/github/6layer/Development/Tests/SixLayerFrameworkTests/Components/CallbackFunctionalTests.swift:6:8: error: no such module 'ViewInspector'
  4 | import SwiftUI
  5 | @testable import SixLayerFramework
  6 | import ViewInspector
    |        `- error: no such module 'ViewInspector'
  7 | @Suite("Callback Functional")
  8 | /// Component Callback Functional Tests
[450/453] Compiling SixLayerFrameworkTests TestSharedConfig.swift
/Users/schatt/code/github/6layer/Development/Tests/SixLayerFrameworkTests/Components/CallbackFunctionalTests.swift:6:8: error: no such module 'ViewInspector'
  4 | import SwiftUI
  5 | @testable import SixLayerFramework
  6 | import ViewInspector
    |        `- error: no such module 'ViewInspector'
  7 | @Suite("Callback Functional")
  8 | /// Component Callback Functional Tests
[451/453] Compiling SixLayerFrameworkTests TestUtilities.swift
/Users/schatt/code/github/6layer/Development/Tests/SixLayerFrameworkTests/Components/CallbackFunctionalTests.swift:6:8: error: no such module 'ViewInspector'
  4 | import SwiftUI
  5 | @testable import SixLayerFramework
  6 | import ViewInspector
    |        `- error: no such module 'ViewInspector'
  7 | @Suite("Callback Functional")
  8 | /// Component Callback Functional Tests
error: fatalError
